#
# A fatal error has been detected by the Java Runtime Environment:
#
#  SIGSEGV (0xb) at pc=0x00007f48ac555ab0, pid=9508, tid=139951865165568
#
# JRE version: Java(TM) SE Runtime Environment (7.0_72-b14) (build 1.7.0_72-b14)
# Java VM: Java HotSpot(TM) 64-Bit Server VM (24.72-b04 mixed mode linux-amd64 compressed oops)
# Problematic frame:
# C  0x00007f48ac555ab0
#
# Failed to write core dump. Core dumps have been disabled. To enable core dumping, try "ulimit -c unlimited" before starting Java again
#
# If you would like to submit a bug report, please visit:
#   http://bugreport.sun.com/bugreport/crash.jsp
# The crash happened outside the Java Virtual Machine in native code.
# See problematic frame for where to report the bug.
#

---------------  T H R E A D  ---------------

Current thread (0x00007f48b803a000):  JavaThread "QuantumRenderer-0" daemon [_thread_in_native, id=9531, stack(0x00007f4915257000,0x00007f4915358000)]

siginfo:si_signo=SIGSEGV: si_errno=0, si_code=2 (SEGV_ACCERR), si_addr=0x00007f48ac555ab0

Registers:
RAX=0x00007f48ac555ab0, RBX=0x00007f48aca82ad0, RCX=0x00007f490ffa5dc0, RDX=0x00007f48aca82ad0
RSP=0x00007f4915340598, RBP=0x00007f490ffeb760, RSI=0x00007f48ac020520, RDI=0x00007f490d76e010
R8 =0x0000000000000008, R9 =0x0000000000000001, R10=0x00007f48ac0b9d90, R11=0x0000000000000001
R12=0x00007f490d76e010, R13=0x00007f48ac020520, R14=0x0000000000000000, R15=0x0000000000000001
RIP=0x00007f48ac555ab0, EFLAGS=0x0000000000010202, CSGSFS=0x0000000000000033, ERR=0x0000000000000015
  TRAPNO=0x000000000000000e

Top of Stack: (sp=0x00007f4915340598)
0x00007f4915340598:   00007f490ef68196 0000000000000001
0x00007f49153405a8:   00007f48aca82ad0 00007f48ac020528
0x00007f49153405b8:   00007f490ffeb760 0000000000000001
0x00007f49153405c8:   00007f490ef685c8 0000000200000000
0x00007f49153405d8:   00007f48ac020520 00007f490d76e010
0x00007f49153405e8:   0000000400000002 0000000000000004
0x00007f49153405f8:   00007f490d76e010 00007f49140cb010
0x00007f4915340608:   00007f490ffe6f80 00007f490ffa5dc0
0x00007f4915340618:   00007f490fffeb20 00007f490d76e010
0x00007f4915340628:   00007f490ef68a97 00007f49153406a0
0x00007f4915340638:   000000000ee00001 00007f48ac0a2600
0x00007f4915340648:   00007f4914aa72f8 00007f49140cb010
0x00007f4915340658:   00007f491485b123 00007f4915341000
0x00007f4915340668:   0000000000000000 00007f48ac0a2648
0x00007f4915340678:   00007f48ac85f650 00007f48ac03a240
0x00007f4915340688:   00007f49153406a0 000000007fce4568
0x00007f4915340698:   00007f48ad0c24f0 00007f57e1e5c160
0x00007f49153406a8:   0000840400400080 0000002800000000
0x00007f49153406b8:   000011c700000028 00000009000000f7
0x00007f49153406c8:   0000000000000002 0000000000000001
0x00007f49153406d8:   0000000400000000 0000000000000000
0x00007f49153406e8:   0000000000000000 0400000000000000
0x00007f49153406f8:   0000200000002000 0000000000000000
0x00007f4915340708:   0000000300000000 0000002000000020
0x00007f4915340718:   0000001000000008 0000000800ff0000
0x00007f4915340728:   0000ff0000000008 0000000000000008
0x00007f4915340738:   00000008000000ff ff00000000000018
0x00007f4915340748:   0000001000000040 0000001000000010
0x00007f4915340758:   0000001800000010 0000000000000000
0x00007f4915340768:   0000031e00000354 00000000000001d1
0x00007f4915340778:   00007f57dd7f6448 00007f57dd7f644c
0x00007f4915340788:   0000000000000000 00007f57e1e5cb20 

Instructions: (pc=0x00007f48ac555ab0)
0x00007f48ac555a90:   05 04 00 b1 88 47 43 00 0d 00 00 b1 88 c7 43 00
0x00007f48ac555aa0:   11 04 00 10 88 c7 23 04 15 06 00 10 89 c7 23 04
0x00007f48ac555ab0:   11 04 82 e0 80 07 41 00 c1 00 00 00 00 00 00 00
0x00007f48ac555ac0:   30 7d 93 ac 48 7f 00 00 c0 2a a8 ac 48 7f 00 00 

Register to memory mapping:

RAX=0x00007f48ac555ab0 is an unknown value
RBX=0x00007f48aca82ad0 is an unknown value
RCX=0x00007f490ffa5dc0: _nv020glcore+0 in /usr/lib/nvidia-304/libnvidia-glcore.so.304.117 at 0x00007f490dc16000
RDX=0x00007f48aca82ad0 is an unknown value
RSP=0x00007f4915340598 is pointing into the stack for thread: 0x00007f48b803a000
RBP=0x00007f490ffeb760: <offset 0x23d5760> in /usr/lib/nvidia-304/libnvidia-glcore.so.304.117 at 0x00007f490dc16000
RSI=0x00007f48ac020520 is an unknown value
RDI=0x00007f490d76e010 is an unknown value
R8 =0x0000000000000008 is an unknown value
R9 =0x0000000000000001 is an unknown value
R10=0x00007f48ac0b9d90 is an unknown value
R11=0x0000000000000001 is an unknown value
R12=0x00007f490d76e010 is an unknown value
R13=0x00007f48ac020520 is an unknown value
R14=0x0000000000000000 is an unknown value
R15=0x0000000000000001 is an unknown value


Stack: [0x00007f4915257000,0x00007f4915358000],  sp=0x00007f4915340598,  free space=933k
Native frames: (J=compiled Java code, j=interpreted, Vv=VM code, C=native code)
C  0x00007f48ac555ab0

Java frames: (J=compiled Java code, j=interpreted, Vv=VM code)
j  com.sun.prism.es2.X11GLContext.nMakeCurrent(JJ)V+0
j  com.sun.prism.es2.X11GLContext.makeCurrent(Lcom/sun/prism/es2/GLDrawable;)V+8
j  com.sun.prism.es2.ES2Context.makeCurrent(Lcom/sun/prism/es2/GLDrawable;)V+76
j  com.sun.prism.es2.ES2Context.setCurrentRenderingContext(Lcom/sun/prism/es2/ES2RenderingContext;Lcom/sun/prism/es2/GLDrawable;)V+49
j  com.sun.prism.es2.ES2RenderingContext.begin()V+9
j  com.sun.javafx.tk.quantum.PresentingPainter.run()V+255
j  java.util.concurrent.Executors$RunnableAdapter.call()Ljava/lang/Object;+4
j  java.util.concurrent.FutureTask.runAndReset()Z+47
j  com.sun.prism.render.RenderJob.run()V+1
j  java.util.concurrent.ThreadPoolExecutor.runWorker(Ljava/util/concurrent/ThreadPoolExecutor$Worker;)V+95
j  java.util.concurrent.ThreadPoolExecutor$Worker.run()V+5
j  com.sun.javafx.tk.quantum.QuantumRenderer$PipelineRunnable.run()V+8
j  java.lang.Thread.run()V+11
v  ~StubRoutines::call_stub

---------------  P R O C E S S  ---------------

Java Threads: ( => current thread )
  0x00007f48a02df800 JavaThread "Prism Font Disposer" daemon [_thread_blocked, id=9541, stack(0x00007f48f4d76000,0x00007f48f4e77000)]
  0x00007f48a01d9800 JavaThread "Disposer" daemon [_thread_blocked, id=9537, stack(0x00007f48f60f6000,0x00007f48f61f7000)]
  0x00007f48b8119000 JavaThread "JavaFX Application Thread" [_thread_blocked, id=9536, stack(0x00007f48fc788000,0x00007f48fc889000)]
  0x00007f48b8116000 JavaThread "Thread-3" daemon [_thread_blocked, id=9535, stack(0x00007f4904060000,0x00007f4904161000)]
  0x00007f48b8042800 JavaThread "Disposer" daemon [_thread_blocked, id=9532, stack(0x00007f490d36d000,0x00007f490d46e000)]
=>0x00007f48b803a000 JavaThread "QuantumRenderer-0" daemon [_thread_in_native, id=9531, stack(0x00007f4915257000,0x00007f4915358000)]
  0x00007f49202a0000 JavaThread "JavaFX-Launcher" [_thread_blocked, id=9530, stack(0x00007f491536b000,0x00007f491546c000)]
  0x00007f4920286800 JavaThread "traceMsgQueueThread" daemon [_thread_blocked, id=9529, stack(0x00007f491569c000,0x00007f491579d000)]
  0x00007f49201e6000 JavaThread "Service Thread" daemon [_thread_blocked, id=9527, stack(0x00007f491589e000,0x00007f491599f000)]
  0x00007f49201e4000 JavaThread "C2 CompilerThread1" daemon [_thread_blocked, id=9526, stack(0x00007f491599f000,0x00007f4915aa0000)]
  0x00007f49201e1000 JavaThread "C2 CompilerThread0" daemon [_thread_blocked, id=9525, stack(0x00007f4915aa0000,0x00007f4915ba1000)]
  0x00007f49201de800 JavaThread "Signal Dispatcher" daemon [_thread_blocked, id=9524, stack(0x00007f4915ba1000,0x00007f4915ca2000)]
  0x00007f49201bd800 JavaThread "Finalizer" daemon [_thread_blocked, id=9523, stack(0x00007f49166e7000,0x00007f49167e8000)]
  0x00007f49201bb800 JavaThread "Reference Handler" daemon [_thread_blocked, id=9522, stack(0x00007f49167e8000,0x00007f49168e9000)]
  0x00007f4920008000 JavaThread "main" [_thread_blocked, id=9512, stack(0x00007f492707c000,0x00007f492717d000)]

Other Threads:
  0x00007f49201b7800 VMThread [stack: 0x00007f49168e9000,0x00007f49169ea000] [id=9521]
  0x00007f49201f1000 WatcherThread [stack: 0x00007f491579d000,0x00007f491589e000] [id=9528]

VM state:not at safepoint (normal execution)

VM Mutex/Monitor currently owned by a thread: None

Heap
 PSYoungGen      total 665088K, used 166457K [0x00000007d6a00000, 0x0000000800000000, 0x0000000800000000)
  eden space 659456K, 24% used [0x00000007d6a00000,0x00000007e0712728,0x00000007fee00000)
  from space 5632K, 99% used [0x00000007fee00000,0x00000007ff37be48,0x00000007ff380000)
  to   space 8704K, 0% used [0x00000007ff780000,0x00000007ff780000,0x0000000800000000)
 ParOldGen       total 84480K, used 8837K [0x0000000783e00000, 0x0000000789080000, 0x00000007d6a00000)
  object space 84480K, 10% used [0x0000000783e00000,0x00000007846a1780,0x0000000789080000)
 PSPermGen       total 21504K, used 20131K [0x000000077ec00000, 0x0000000780100000, 0x0000000783e00000)
  object space 21504K, 93% used [0x000000077ec00000,0x000000077ffa8de0,0x0000000780100000)

Card table byte_map: [0x00007f49246f6000,0x00007f4924b01000] byte_map_base: 0x00007f4920b00000

Polling page: 0x00007f49271b8000

Code Cache  [0x00007f491d000000, 0x00007f491d270000, 0x00007f4920000000)
 total_blobs=1034 nmethods=443 adapters=543 free_code_cache=47500Kb largest_free_block=48580416

Compilation events (10 events):
Event: 32,263 Thread 0x00007f49201e4000  473             java.lang.Integer::hashCode (5 bytes)
Event: 32,264 Thread 0x00007f49201e4000 nmethod 473 0x00007f491d11fed0 code [0x00007f491d120000, 0x00007f491d120058]
Event: 32,763 Thread 0x00007f49201e1000  474             com.sun.javafx.geom.transform.Affine3D::getMxz (5 bytes)
Event: 32,763 Thread 0x00007f49201e4000  475             com.sun.javafx.geom.transform.Affine3D::getMyz (5 bytes)
Event: 32,763 Thread 0x00007f49201e1000 nmethod 474 0x00007f491d11fcd0 code [0x00007f491d11fe00, 0x00007f491d11fe58]
Event: 32,763 Thread 0x00007f49201e4000 nmethod 475 0x00007f491d11fad0 code [0x00007f491d11fc00, 0x00007f491d11fc58]
Event: 32,763 Thread 0x00007f49201e4000  476             com.sun.javafx.geom.transform.Affine3D::getMzx (5 bytes)
Event: 32,763 Thread 0x00007f49201e1000  477             com.sun.javafx.geom.transform.Affine3D::getMzy (5 bytes)
Event: 32,763 Thread 0x00007f49201e4000 nmethod 476 0x00007f491d11f8d0 code [0x00007f491d11fa00, 0x00007f491d11fa58]
Event: 32,763 Thread 0x00007f49201e1000 nmethod 477 0x00007f491d11f6d0 code [0x00007f491d11f800, 0x00007f491d11f858]

GC Heap History (10 events):
Event: 1,050 GC heap before
{Heap before GC invocations=9 (full 0):
 PSYoungGen      total 262656K, used 257722K [0x00000007d6a00000, 0x00000007e7100000, 0x0000000800000000)
  eden space 257536K, 99% used [0x00000007d6a00000,0x00000007e653c700,0x00000007e6580000)
  from space 5120K, 8% used [0x00000007e6b00000,0x00000007e6b722c0,0x00000007e7000000)
  to   space 5632K, 0% used [0x00000007e6580000,0x00000007e6580000,0x00000007e6b00000)
 ParOldGen       total 84480K, used 3518K [0x0000000783e00000, 0x0000000789080000, 0x00000007d6a00000)
  object space 84480K, 4% used [0x0000000783e00000,0x000000078416f8b8,0x0000000789080000)
 PSPermGen       total 21504K, used 12559K [0x000000077ec00000, 0x0000000780100000, 0x0000000783e00000)
  object space 21504K, 58% used [0x000000077ec00000,0x000000077f843db8,0x0000000780100000)
Event: 1,052 GC heap after
Heap after GC invocations=9 (full 0):
 PSYoungGen      total 263168K, used 388K [0x00000007d6a00000, 0x00000007f0780000, 0x0000000800000000)
  eden space 257536K, 0% used [0x00000007d6a00000,0x00000007d6a00000,0x00000007e6580000)
  from space 5632K, 6% used [0x00000007e6580000,0x00000007e65e1110,0x00000007e6b00000)
  to   space 5632K, 0% used [0x00000007f0200000,0x00000007f0200000,0x00000007f0780000)
 ParOldGen       total 84480K, used 3518K [0x0000000783e00000, 0x0000000789080000, 0x00000007d6a00000)
  object space 84480K, 4% used [0x0000000783e00000,0x000000078416f8b8,0x0000000789080000)
 PSPermGen       total 21504K, used 12559K [0x000000077ec00000, 0x0000000780100000, 0x0000000783e00000)
  object space 21504K, 58% used [0x000000077ec00000,0x000000077f843db8,0x0000000780100000)
}
Event: 1,078 GC heap before
{Heap before GC invocations=10 (full 0):
 PSYoungGen      total 263168K, used 257585K [0x00000007d6a00000, 0x00000007f0780000, 0x0000000800000000)
  eden space 257536K, 99% used [0x00000007d6a00000,0x00000007e652b4c8,0x00000007e6580000)
  from space 5632K, 6% used [0x00000007e6580000,0x00000007e65e1110,0x00000007e6b00000)
  to   space 5632K, 0% used [0x00000007f0200000,0x00000007f0200000,0x00000007f0780000)
 ParOldGen       total 84480K, used 3518K [0x0000000783e00000, 0x0000000789080000, 0x00000007d6a00000)
  object space 84480K, 4% used [0x0000000783e00000,0x000000078416f8b8,0x0000000789080000)
 PSPermGen       total 21504K, used 12559K [0x000000077ec00000, 0x0000000780100000, 0x0000000783e00000)
  object space 21504K, 58% used [0x000000077ec00000,0x000000077f843db8,0x0000000780100000)
Event: 1,080 GC heap after
Heap after GC invocations=10 (full 0):
 PSYoungGen      total 417792K, used 628K [0x00000007d6a00000, 0x00000007f0780000, 0x0000000800000000)
  eden space 412160K, 0% used [0x00000007d6a00000,0x00000007d6a00000,0x00000007efc80000)
  from space 5632K, 11% used [0x00000007f0200000,0x00000007f029d018,0x00000007f0780000)
  to   space 5632K, 0% used [0x00000007efc80000,0x00000007efc80000,0x00000007f0200000)
 ParOldGen       total 84480K, used 3518K [0x0000000783e00000, 0x0000000789080000, 0x00000007d6a00000)
  object space 84480K, 4% used [0x0000000783e00000,0x000000078416f8b8,0x0000000789080000)
 PSPermGen       total 21504K, used 12559K [0x000000077ec00000, 0x0000000780100000, 0x0000000783e00000)
  object space 21504K, 58% used [0x000000077ec00000,0x000000077f843db8,0x0000000780100000)
}
Event: 1,130 GC heap before
{Heap before GC invocations=11 (full 0):
 PSYoungGen      total 417792K, used 412763K [0x00000007d6a00000, 0x00000007f0780000, 0x0000000800000000)
  eden space 412160K, 99% used [0x00000007d6a00000,0x00000007efc79c80,0x00000007efc80000)
  from space 5632K, 11% used [0x00000007f0200000,0x00000007f029d018,0x00000007f0780000)
  to   space 5632K, 0% used [0x00000007efc80000,0x00000007efc80000,0x00000007f0200000)
 ParOldGen       total 84480K, used 3518K [0x0000000783e00000, 0x0000000789080000, 0x00000007d6a00000)
  object space 84480K, 4% used [0x0000000783e00000,0x000000078416f8b8,0x0000000789080000)
 PSPermGen       total 21504K, used 12559K [0x000000077ec00000, 0x0000000780100000, 0x0000000783e00000)
  object space 21504K, 58% used [0x000000077ec00000,0x000000077f843db8,0x0000000780100000)
Event: 1,132 GC heap after
Heap after GC invocations=11 (full 0):
 PSYoungGen      total 417792K, used 733K [0x00000007d6a00000, 0x00000007ff900000, 0x0000000800000000)
  eden space 412160K, 0% used [0x00000007d6a00000,0x00000007d6a00000,0x00000007efc80000)
  from space 5632K, 13% used [0x00000007efc80000,0x00000007efd37730,0x00000007f0200000)
  to   space 5632K, 0% used [0x00000007ff380000,0x00000007ff380000,0x00000007ff900000)
 ParOldGen       total 84480K, used 3518K [0x0000000783e00000, 0x0000000789080000, 0x00000007d6a00000)
  object space 84480K, 4% used [0x0000000783e00000,0x000000078416f8b8,0x0000000789080000)
 PSPermGen       total 21504K, used 12559K [0x000000077ec00000, 0x0000000780100000, 0x0000000783e00000)
  object space 21504K, 58% used [0x000000077ec00000,0x000000077f843db8,0x0000000780100000)
}
Event: 1,177 GC heap before
{Heap before GC invocations=12 (full 0):
 PSYoungGen      total 417792K, used 412850K [0x00000007d6a00000, 0x00000007ff900000, 0x0000000800000000)
  eden space 412160K, 99% used [0x00000007d6a00000,0x00000007efc75240,0x00000007efc80000)
  from space 5632K, 13% used [0x00000007efc80000,0x00000007efd37730,0x00000007f0200000)
  to   space 5632K, 0% used [0x00000007ff380000,0x00000007ff380000,0x00000007ff900000)
 ParOldGen       total 84480K, used 3518K [0x0000000783e00000, 0x0000000789080000, 0x00000007d6a00000)
  object space 84480K, 4% used [0x0000000783e00000,0x000000078416f8b8,0x0000000789080000)
 PSPermGen       total 21504K, used 12560K [0x000000077ec00000, 0x0000000780100000, 0x0000000783e00000)
  object space 21504K, 58% used [0x000000077ec00000,0x000000077f844210,0x0000000780100000)
Event: 1,178 GC heap after
Heap after GC invocations=12 (full 0):
 PSYoungGen      total 665088K, used 793K [0x00000007d6a00000, 0x00000007ff900000, 0x0000000800000000)
  eden space 659456K, 0% used [0x00000007d6a00000,0x00000007d6a00000,0x00000007fee00000)
  from space 5632K, 14% used [0x00000007ff380000,0x00000007ff446498,0x00000007ff900000)
  to   space 5632K, 0% used [0x00000007fee00000,0x00000007fee00000,0x00000007ff380000)
 ParOldGen       total 84480K, used 3518K [0x0000000783e00000, 0x0000000789080000, 0x00000007d6a00000)
  object space 84480K, 4% used [0x0000000783e00000,0x000000078416f8b8,0x0000000789080000)
 PSPermGen       total 21504K, used 12560K [0x000000077ec00000, 0x0000000780100000, 0x0000000783e00000)
  object space 21504K, 58% used [0x000000077ec00000,0x000000077f844210,0x0000000780100000)
}
Event: 2,650 GC heap before
{Heap before GC invocations=13 (full 0):
 PSYoungGen      total 665088K, used 660249K [0x00000007d6a00000, 0x00000007ff900000, 0x0000000800000000)
  eden space 659456K, 100% used [0x00000007d6a00000,0x00000007fee00000,0x00000007fee00000)
  from space 5632K, 14% used [0x00000007ff380000,0x00000007ff446498,0x00000007ff900000)
  to   space 5632K, 0% used [0x00000007fee00000,0x00000007fee00000,0x00000007ff380000)
 ParOldGen       total 84480K, used 3518K [0x0000000783e00000, 0x0000000789080000, 0x00000007d6a00000)
  object space 84480K, 4% used [0x0000000783e00000,0x000000078416f8b8,0x0000000789080000)
 PSPermGen       total 21504K, used 19261K [0x000000077ec00000, 0x0000000780100000, 0x0000000783e00000)
  object space 21504K, 89% used [0x000000077ec00000,0x000000077fecf4b8,0x0000000780100000)
Event: 2,661 GC heap after
Heap after GC invocations=13 (full 0):
 PSYoungGen      total 665088K, used 5615K [0x00000007d6a00000, 0x0000000800000000, 0x0000000800000000)
  eden space 659456K, 0% used [0x00000007d6a00000,0x00000007d6a00000,0x00000007fee00000)
  from space 5632K, 99% used [0x00000007fee00000,0x00000007ff37be48,0x00000007ff380000)
  to   space 8704K, 0% used [0x00000007ff780000,0x00000007ff780000,0x0000000800000000)
 ParOldGen       total 84480K, used 8837K [0x0000000783e00000, 0x0000000789080000, 0x00000007d6a00000)
  object space 84480K, 10% used [0x0000000783e00000,0x00000007846a1780,0x0000000789080000)
 PSPermGen       total 21504K, used 19261K [0x000000077ec00000, 0x0000000780100000, 0x0000000783e00000)
  object space 21504K, 89% used [0x000000077ec00000,0x000000077fecf4b8,0x0000000780100000)
}

Deoptimization events (10 events):
Event: 3,670 Thread 0x00007f48b8119000 Uncommon trap: reason=class_check action=maybe_recompile pc=0x00007f491d15d5ac method=javafx.scene.Node.transformedBoundsChanged()V @ 28
Event: 3,833 Thread 0x00007f48b8119000 Uncommon trap: reason=class_check action=maybe_recompile pc=0x00007f491d15d5ac method=javafx.scene.Node.transformedBoundsChanged()V @ 28
Event: 9,084 Thread 0x00007f48b8119000 Uncommon trap: reason=class_check action=maybe_recompile pc=0x00007f491d152734 method=javafx.scene.Node$MiscProperties.getEffect()Ljavafx/scene/effect/Effect; @ 20
Event: 9,084 Thread 0x00007f48b8119000 Uncommon trap: reason=class_check action=maybe_recompile pc=0x00007f491d0a14ec method=javafx.scene.Node$MiscProperties.getEffect()Ljavafx/scene/effect/Effect; @ 20
Event: 9,084 Thread 0x00007f48b8119000 Uncommon trap: reason=class_check action=maybe_recompile pc=0x00007f491d0a14ec method=javafx.scene.Node$MiscProperties.getEffect()Ljavafx/scene/effect/Effect; @ 20
Event: 9,084 Thread 0x00007f48b8119000 Uncommon trap: reason=class_check action=maybe_recompile pc=0x00007f491d11ddb8 method=javafx.scene.Node$MiscProperties.getEffect()Ljavafx/scene/effect/Effect; @ 20
Event: 9,084 Thread 0x00007f48b8119000 Uncommon trap: reason=class_check action=maybe_recompile pc=0x00007f491d0a14ec method=javafx.scene.Node$MiscProperties.getEffect()Ljavafx/scene/effect/Effect; @ 20
Event: 9,084 Thread 0x00007f48b8119000 Uncommon trap: reason=class_check action=maybe_recompile pc=0x00007f491d152734 method=javafx.scene.Node$MiscProperties.getEffect()Ljavafx/scene/effect/Effect; @ 20
Event: 17,396 Thread 0x00007f48b8119000 Uncommon trap: reason=unreached action=reinterpret pc=0x00007f491d19d994 method=javafx.scene.Node$MiscProperties.isMouseTransparent()Z @ 4
Event: 30,819 Thread 0x00007f48b8119000 Uncommon trap: reason=predicate action=maybe_recompile pc=0x00007f491d1815c0 method=java.util.ArrayList.indexOf(Ljava/lang/Object;)I @ 44

Internal exceptions (10 events):
Event: 2,837 Thread 0x00007f48a05f2000 Threw 0x00000007d7be1db8 at /HUDSON/workspace/7u-2-build-linux-amd64/jdk7u72/1606/hotspot/src/share/vm/prims/jvm.cpp:1281
Event: 2,837 Thread 0x00007f48a05f2000 Threw 0x00000007d7be2228 at /HUDSON/workspace/7u-2-build-linux-amd64/jdk7u72/1606/hotspot/src/share/vm/prims/jvm.cpp:1281
Event: 2,989 Thread 0x00007f48b8119000 Threw 0x00000007de5c7a78 at /HUDSON/workspace/7u-2-build-linux-amd64/jdk7u72/1606/hotspot/src/share/vm/prims/jvm.cpp:1281
Event: 2,989 Thread 0x00007f48b8119000 Threw 0x00000007de5c8128 at /HUDSON/workspace/7u-2-build-linux-amd64/jdk7u72/1606/hotspot/src/share/vm/prims/jvm.cpp:1281
Event: 2,990 Thread 0x00007f48b8119000 Threw 0x00000007de5c92b0 at /HUDSON/workspace/7u-2-build-linux-amd64/jdk7u72/1606/hotspot/src/share/vm/prims/jvm.cpp:1281
Event: 2,990 Thread 0x00007f48b8119000 Threw 0x00000007de5c9970 at /HUDSON/workspace/7u-2-build-linux-amd64/jdk7u72/1606/hotspot/src/share/vm/prims/jvm.cpp:1281
Event: 2,990 Thread 0x00007f48b8119000 Threw 0x00000007de5caba0 at /HUDSON/workspace/7u-2-build-linux-amd64/jdk7u72/1606/hotspot/src/share/vm/prims/jvm.cpp:1281
Event: 2,990 Thread 0x00007f48b8119000 Threw 0x00000007de5cb250 at /HUDSON/workspace/7u-2-build-linux-amd64/jdk7u72/1606/hotspot/src/share/vm/prims/jvm.cpp:1281
Event: 2,990 Thread 0x00007f48b8119000 Threw 0x00000007de5cc3a8 at /HUDSON/workspace/7u-2-build-linux-amd64/jdk7u72/1606/hotspot/src/share/vm/prims/jvm.cpp:1281
Event: 2,990 Thread 0x00007f48b8119000 Threw 0x00000007de5cca68 at /HUDSON/workspace/7u-2-build-linux-amd64/jdk7u72/1606/hotspot/src/share/vm/prims/jvm.cpp:1281

Events (10 events):
Event: 28,877 loading class 0x00007f48a017ee90 done
Event: 28,878 loading class 0x00007f48a0065ac0
Event: 28,878 loading class 0x00007f48a0065ac0 done
Event: 30,819 Thread 0x00007f48b8119000 Uncommon trap: trap_request=0xffffff86 fr.pc=0x00007f491d1815c0
Event: 30,819 Thread 0x00007f48b8119000 DEOPT PACKING pc=0x00007f491d1815c0 sp=0x00007f48fc886340
Event: 30,819 Thread 0x00007f48b8119000 DEOPT UNPACKING pc=0x00007f491d039445 sp=0x00007f48fc886318 mode 2
Event: 31,247 Thread 0x00007f49201e4000 flushing nmethod 0x00007f491d0a12d0
Event: 31,692 loading class 0x00007f4924030330
Event: 31,692 loading class 0x00007f4924030330 done
Event: 32,763 Thread 0x00007f49201e4000 flushing nmethod 0x00007f491d11d290


Dynamic libraries:
00400000-00401000 r-xp 00000000 08:01 13000528                           /usr/lib/jvm/java-7-oracle/bin/java
00600000-00601000 rw-p 00000000 08:01 13000528                           /usr/lib/jvm/java-7-oracle/bin/java
0160c000-0162d000 rw-p 00000000 00:00 0                                  [heap]
40ae4000-40ae6000 r-xs 00000000 08:01 17826785                           /tmp/gl2dK0UJ (deleted)
40fa5000-41023000 rw-p 00000000 00:00 0 
77ec00000-780100000 rw-p 00000000 00:00 0 
780100000-783e00000 rw-p 00000000 00:00 0 
783e00000-789080000 rw-p 00000000 00:00 0 
789080000-7d6a00000 rw-p 00000000 00:00 0 
7d6a00000-800000000 rw-p 00000000 00:00 0 
7f47ec000000-7f47ec021000 rw-p 00000000 00:00 0 
7f47ec021000-7f47f0000000 ---p 00000000 00:00 0 
7f47f4000000-7f47f4021000 rw-p 00000000 00:00 0 
7f47f4021000-7f47f8000000 ---p 00000000 00:00 0 
7f47f8000000-7f47f8021000 rw-p 00000000 00:00 0 
7f47f8021000-7f47fc000000 ---p 00000000 00:00 0 
7f47fc000000-7f47fc021000 rw-p 00000000 00:00 0 
7f47fc021000-7f4800000000 ---p 00000000 00:00 0 
7f4800000000-7f4800021000 rw-p 00000000 00:00 0 
7f4800021000-7f4804000000 ---p 00000000 00:00 0 
7f4804000000-7f4804021000 rw-p 00000000 00:00 0 
7f4804021000-7f4808000000 ---p 00000000 00:00 0 
7f4808000000-7f4808021000 rw-p 00000000 00:00 0 
7f4808021000-7f480c000000 ---p 00000000 00:00 0 
7f480c000000-7f480c021000 rw-p 00000000 00:00 0 
7f480c021000-7f4810000000 ---p 00000000 00:00 0 
7f4810000000-7f4810021000 rw-p 00000000 00:00 0 
7f4810021000-7f4814000000 ---p 00000000 00:00 0 
7f4814000000-7f4814021000 rw-p 00000000 00:00 0 
7f4814021000-7f4818000000 ---p 00000000 00:00 0 
7f4818000000-7f4818021000 rw-p 00000000 00:00 0 
7f4818021000-7f481c000000 ---p 00000000 00:00 0 
7f481c000000-7f481c021000 rw-p 00000000 00:00 0 
7f481c021000-7f4820000000 ---p 00000000 00:00 0 
7f4820000000-7f4820021000 rw-p 00000000 00:00 0 
7f4820021000-7f4824000000 ---p 00000000 00:00 0 
7f4824000000-7f4824021000 rw-p 00000000 00:00 0 
7f4824021000-7f4828000000 ---p 00000000 00:00 0 
7f4828000000-7f4828021000 rw-p 00000000 00:00 0 
7f4828021000-7f482c000000 ---p 00000000 00:00 0 
7f482c000000-7f482c02a000 rw-p 00000000 00:00 0 
7f482c02a000-7f4830000000 ---p 00000000 00:00 0 
7f4830000000-7f4830021000 rw-p 00000000 00:00 0 
7f4830021000-7f4834000000 ---p 00000000 00:00 0 
7f4834000000-7f4834021000 rw-p 00000000 00:00 0 
7f4834021000-7f4838000000 ---p 00000000 00:00 0 
7f4838000000-7f4838021000 rw-p 00000000 00:00 0 
7f4838021000-7f483c000000 ---p 00000000 00:00 0 
7f483c000000-7f483c021000 rw-p 00000000 00:00 0 
7f483c021000-7f4840000000 ---p 00000000 00:00 0 
7f4840000000-7f4840021000 rw-p 00000000 00:00 0 
7f4840021000-7f4844000000 ---p 00000000 00:00 0 
7f4844000000-7f4844021000 rw-p 00000000 00:00 0 
7f4844021000-7f4848000000 ---p 00000000 00:00 0 
7f4848000000-7f4848021000 rw-p 00000000 00:00 0 
7f4848021000-7f484c000000 ---p 00000000 00:00 0 
7f484c000000-7f484c021000 rw-p 00000000 00:00 0 
7f484c021000-7f4850000000 ---p 00000000 00:00 0 
7f4850000000-7f4850057000 rw-p 00000000 00:00 0 
7f4850057000-7f4854000000 ---p 00000000 00:00 0 
7f4854000000-7f4854021000 rw-p 00000000 00:00 0 
7f4854021000-7f4858000000 ---p 00000000 00:00 0 
7f485bffe000-7f485bfff000 ---p 00000000 00:00 0 
7f485bfff000-7f489bfff000 rwxp 00000000 00:00 0 
7f489bfff000-7f489c000000 ---p 00000000 00:00 0 
7f489c000000-7f489c021000 rw-p 00000000 00:00 0 
7f489c021000-7f48a0000000 ---p 00000000 00:00 0 
7f48a0000000-7f48a1501000 rw-p 00000000 00:00 0 
7f48a1501000-7f48a4000000 ---p 00000000 00:00 0 
7f48a4000000-7f48a4021000 rw-p 00000000 00:00 0 
7f48a4021000-7f48a8000000 ---p 00000000 00:00 0 
7f48a8000000-7f48a8022000 rw-p 00000000 00:00 0 
7f48a8022000-7f48ac000000 ---p 00000000 00:00 0 
7f48ac000000-7f48ad61b000 rw-p 00000000 00:00 0 
7f48ad61b000-7f48b0000000 ---p 00000000 00:00 0 
7f48b0000000-7f48b0021000 rw-p 00000000 00:00 0 
7f48b0021000-7f48b4000000 ---p 00000000 00:00 0 
7f48b4000000-7f48b4021000 rw-p 00000000 00:00 0 
7f48b4021000-7f48b8000000 ---p 00000000 00:00 0 
7f48b8000000-7f48b811e000 rw-p 00000000 00:00 0 
7f48b811e000-7f48bc000000 ---p 00000000 00:00 0 
7f48bc000000-7f48bc021000 rw-p 00000000 00:00 0 
7f48bc021000-7f48c0000000 ---p 00000000 00:00 0 
7f48c0000000-7f48c0021000 rw-p 00000000 00:00 0 
7f48c0021000-7f48c4000000 ---p 00000000 00:00 0 
7f48c4000000-7f48c4cad000 rw-p 00000000 00:00 0 
7f48c4cad000-7f48c8000000 ---p 00000000 00:00 0 
7f48c8000000-7f48c8a42000 rw-p 00000000 00:00 0 
7f48c8a42000-7f48cc000000 ---p 00000000 00:00 0 
7f48cc000000-7f48cc021000 rw-p 00000000 00:00 0 
7f48cc021000-7f48d0000000 ---p 00000000 00:00 0 
7f48d0000000-7f48d0021000 rw-p 00000000 00:00 0 
7f48d0021000-7f48d4000000 ---p 00000000 00:00 0 
7f48d4000000-7f48d4021000 rw-p 00000000 00:00 0 
7f48d4021000-7f48d8000000 ---p 00000000 00:00 0 
7f48dbf60000-7f48e0000000 rw-p 00000000 00:00 0 
7f48e0000000-7f48e0021000 rw-p 00000000 00:00 0 
7f48e0021000-7f48e4000000 ---p 00000000 00:00 0 
7f48e4000000-7f48e4021000 rw-p 00000000 00:00 0 
7f48e4021000-7f48e8000000 ---p 00000000 00:00 0 
7f48e8000000-7f48e8021000 rw-p 00000000 00:00 0 
7f48e8021000-7f48ec000000 ---p 00000000 00:00 0 
7f48edfb9000-7f48ee3b9000 rw-s 45201000 00:05 14035                      /dev/nvidia0
7f48ee3b9000-7f48ee644000 rw-p 00000000 00:00 0 
7f48ee644000-7f48ee647000 ---p 00000000 00:00 0 
7f48ee647000-7f48ee745000 rw-p 00000000 00:00 0 
7f48ee745000-7f48ee783000 rw-p 00000000 00:00 0 
7f48ee783000-7f48ee786000 ---p 00000000 00:00 0 
7f48ee786000-7f48ee884000 rw-p 00000000 00:00 0 
7f48ee884000-7f48ee91f000 rw-p 00000000 00:00 0 
7f48ee91f000-7f48ee922000 ---p 00000000 00:00 0 
7f48ee922000-7f48eea20000 rw-p 00000000 00:00 0 
7f48eea20000-7f48eea7d000 rw-p 00000000 00:00 0 
7f48eea7d000-7f48eea80000 ---p 00000000 00:00 0 
7f48eea80000-7f48eeb7e000 rw-p 00000000 00:00 0 
7f48eeb7e000-7f48eeb9d000 rw-p 00000000 00:00 0 
7f48eeb9d000-7f48eeba0000 ---p 00000000 00:00 0 
7f48eeba0000-7f48eec9e000 rw-p 00000000 00:00 0 
7f48eec9e000-7f48eeca1000 ---p 00000000 00:00 0 
7f48eeca1000-7f48eed9f000 rw-p 00000000 00:00 0 
7f48eed9f000-7f48eeda2000 ---p 00000000 00:00 0 
7f48eeda2000-7f48eeea0000 rw-p 00000000 00:00 0 
7f48eeea0000-7f48eeea3000 ---p 00000000 00:00 0 
7f48eeea3000-7f48eefa1000 rw-p 00000000 00:00 0 
7f48eefa1000-7f48ef01d000 rw-p 00000000 00:00 0 
7f48ef01d000-7f48ef020000 ---p 00000000 00:00 0 
7f48ef020000-7f48ef11e000 rw-p 00000000 00:00 0 
7f48ef11e000-7f48ef121000 ---p 00000000 00:00 0 
7f48ef121000-7f48ef21f000 rw-p 00000000 00:00 0 
7f48ef21f000-7f48ef222000 ---p 00000000 00:00 0 
7f48ef222000-7f48ef320000 rw-p 00000000 00:00 0 
7f48ef320000-7f48ef323000 ---p 00000000 00:00 0 
7f48ef323000-7f48ef421000 rw-p 00000000 00:00 0 
7f48ef421000-7f48ef538000 rw-p 00000000 00:00 0 
7f48ef538000-7f48ef53b000 ---p 00000000 00:00 0 
7f48ef53b000-7f48ef639000 rw-p 00000000 00:00 0 
7f48ef639000-7f48ef750000 rw-p 00000000 00:00 0 
7f48ef750000-7f48ef753000 ---p 00000000 00:00 0 
7f48ef753000-7f48ef851000 rw-p 00000000 00:00 0 
7f48ef851000-7f48ef8cd000 rw-p 00000000 00:00 0 
7f48ef8cd000-7f48ef8d0000 ---p 00000000 00:00 0 
7f48ef8d0000-7f48ef9ce000 rw-p 00000000 00:00 0 
7f48ef9ce000-7f48efb61000 rw-p 00000000 00:00 0 
7f48efb61000-7f48efb64000 ---p 00000000 00:00 0 
7f48efb64000-7f48efc62000 rw-p 00000000 00:00 0 
7f48efc62000-7f48efc65000 ---p 00000000 00:00 0 
7f48efc65000-7f48efd63000 rw-p 00000000 00:00 0 
7f48efd63000-7f48efd66000 ---p 00000000 00:00 0 
7f48efd66000-7f48efe64000 rw-p 00000000 00:00 0 
7f48efe64000-7f48efe67000 ---p 00000000 00:00 0 
7f48efe67000-7f48eff65000 rw-p 00000000 00:00 0 
7f48eff65000-7f48f0021000 rw-p 00000000 00:00 0 
7f48f0021000-7f48f4000000 ---p 00000000 00:00 0 
7f48f4019000-7f48f4057000 rw-p 00000000 00:00 0 
7f48f4057000-7f48f405a000 ---p 00000000 00:00 0 
7f48f405a000-7f48f4158000 rw-p 00000000 00:00 0 
7f48f4158000-7f48f4212000 rw-p 00000000 00:00 0 
7f48f4212000-7f48f4412000 rw-s 024d5000 00:05 14035                      /dev/nvidia0
7f48f4412000-7f48f4960000 rw-p 00000000 00:00 0 
7f48f4c75000-7f48f4c78000 ---p 00000000 00:00 0 
7f48f4c78000-7f48f4d76000 rw-p 00000000 00:00 0 
7f48f4d76000-7f48f4d79000 ---p 00000000 00:00 0 
7f48f4d79000-7f48f4e77000 rw-p 00000000 00:00 0                          [stack:9541]
7f48f4e77000-7f48f4e7a000 ---p 00000000 00:00 0 
7f48f4e7a000-7f48f4f78000 rw-p 00000000 00:00 0 
7f48f4f78000-7f48f4fad000 r--s 00000000 08:01 16647242                   /var/cache/nscd/hosts
7f48f4fad000-7f48f4fbd000 r-xp 00000000 08:01 9582848                    /usr/lib/jvm/java-7-oracle/jre/lib/amd64/libnio.so
7f48f4fbd000-7f48f51bd000 ---p 00010000 08:01 9582848                    /usr/lib/jvm/java-7-oracle/jre/lib/amd64/libnio.so
7f48f51bd000-7f48f51be000 rw-p 00010000 08:01 9582848                    /usr/lib/jvm/java-7-oracle/jre/lib/amd64/libnio.so
7f48f51be000-7f48f51d4000 r-xp 00000000 08:01 9582864                    /usr/lib/jvm/java-7-oracle/jre/lib/amd64/libnet.so
7f48f51d4000-7f48f53d4000 ---p 00016000 08:01 9582864                    /usr/lib/jvm/java-7-oracle/jre/lib/amd64/libnet.so
7f48f53d4000-7f48f53d5000 rw-p 00016000 08:01 9582864                    /usr/lib/jvm/java-7-oracle/jre/lib/amd64/libnet.so
7f48f53d5000-7f48f53d8000 ---p 00000000 00:00 0 
7f48f53d8000-7f48f54d6000 rw-p 00000000 00:00 0 
7f48f54d6000-7f48f58f5000 rw-p 00000000 00:00 0 
7f48f58f5000-7f48f58f6000 ---p 00000000 00:00 0 
7f48f58f6000-7f48f60f6000 rw-p 00000000 00:00 0                          [stack:9538]
7f48f60f6000-7f48f60f9000 ---p 00000000 00:00 0 
7f48f60f9000-7f48f61f7000 rw-p 00000000 00:00 0                          [stack:9537]
7f48f61f7000-7f48f6353000 r-xp 00000000 08:01 12848897                   /usr/lib/x86_64-linux-gnu/libxml2.so.2.9.1
7f48f6353000-7f48f6552000 ---p 0015c000 08:01 12848897                   /usr/lib/x86_64-linux-gnu/libxml2.so.2.9.1
7f48f6552000-7f48f655a000 r--p 0015b000 08:01 12848897                   /usr/lib/x86_64-linux-gnu/libxml2.so.2.9.1
7f48f655a000-7f48f655c000 rw-p 00163000 08:01 12848897                   /usr/lib/x86_64-linux-gnu/libxml2.so.2.9.1
7f48f655c000-7f48f655d000 rw-p 00000000 00:00 0 
7f48f655d000-7f48f7c93000 r-xp 00000000 08:01 9582814                    /usr/lib/jvm/java-7-oracle/jre/lib/amd64/libjfxwebkit.so
7f48f7c93000-7f48f7e92000 ---p 01736000 08:01 9582814                    /usr/lib/jvm/java-7-oracle/jre/lib/amd64/libjfxwebkit.so
7f48f7e92000-7f48f7fec000 r--p 01735000 08:01 9582814                    /usr/lib/jvm/java-7-oracle/jre/lib/amd64/libjfxwebkit.so
7f48f7fec000-7f48f7ff8000 rw-p 0188f000 08:01 9582814                    /usr/lib/jvm/java-7-oracle/jre/lib/amd64/libjfxwebkit.so
7f48f7ff8000-7f48f8000000 rw-p 00000000 00:00 0 
7f48f8000000-7f48f8021000 rw-p 00000000 00:00 0 
7f48f8021000-7f48fc000000 ---p 00000000 00:00 0 
7f48fc00f000-7f48fc030000 r-xp 00000000 08:01 7218983                    /lib/x86_64-linux-gnu/liblzma.so.5.0.0
7f48fc030000-7f48fc22f000 ---p 00021000 08:01 7218983                    /lib/x86_64-linux-gnu/liblzma.so.5.0.0
7f48fc22f000-7f48fc230000 r--p 00020000 08:01 7218983                    /lib/x86_64-linux-gnu/liblzma.so.5.0.0
7f48fc230000-7f48fc231000 rw-p 00021000 08:01 7218983                    /lib/x86_64-linux-gnu/liblzma.so.5.0.0
7f48fc231000-7f48fc26c000 r-xp 00000000 08:01 12847796                   /usr/lib/x86_64-linux-gnu/libxslt.so.1.1.28
7f48fc26c000-7f48fc46c000 ---p 0003b000 08:01 12847796                   /usr/lib/x86_64-linux-gnu/libxslt.so.1.1.28
7f48fc46c000-7f48fc46d000 r--p 0003b000 08:01 12847796                   /usr/lib/x86_64-linux-gnu/libxslt.so.1.1.28
7f48fc46d000-7f48fc46e000 rw-p 0003c000 08:01 12847796                   /usr/lib/x86_64-linux-gnu/libxslt.so.1.1.28
7f48fc471000-7f48fc472000 rw-p 00000000 00:00 0 
7f48fc472000-7f48fc474000 r--s 00001000 08:01 9582881                    /usr/lib/jvm/java-7-oracle/jre/lib/ext/dnsns.jar
7f48fc474000-7f48fc47f000 r--s 0037c000 08:01 9582909                    /usr/lib/jvm/java-7-oracle/jre/lib/charsets.jar
7f48fc47f000-7f48fc480000 r--p 00000000 00:00 0 
7f48fc480000-7f48fc481000 rw-p 00000000 00:00 0 
7f48fc481000-7f48fc485000 r--s 000f7000 08:01 9582877                    /usr/lib/jvm/java-7-oracle/jre/lib/ext/localedata.jar
7f48fc485000-7f48fc4a6000 rw-p 00000000 00:00 0 
7f48fc4a6000-7f48fc4a7000 r--s 00000000 08:01 16521268                   /var/cache/fontconfig/087e1975ba9a574b140bb1df193bf770-le64.cache-4
7f48fc4a7000-7f48fc4b5000 r--s 00000000 08:01 16522329                   /var/cache/fontconfig/6aa41aa22e18b8fa06a12da28ea9c28b-le64.cache-4
7f48fc4b5000-7f48fc4b6000 r--s 00000000 08:01 16518356                   /var/cache/fontconfig/c05880de57d1f5e948fdfacc138775d9-le64.cache-4
7f48fc4b6000-7f48fc4c1000 r--s 00000000 08:01 16522089                   /var/cache/fontconfig/945677eb7aeaf62f1d50efc3fb3ec7d8-le64.cache-4
7f48fc4c1000-7f48fc4c3000 r--s 00000000 08:01 16522017                   /var/cache/fontconfig/99e8ed0e538f840c565b6ed5dad60d56-le64.cache-4
7f48fc4c3000-7f48fc4cc000 r--s 00000000 08:01 16521922                   /var/cache/fontconfig/a6d8cf8e4ec09cdbc8633c31745a07dd-le64.cache-4
7f48fc4cc000-7f48fc4d2000 r--s 00000000 08:01 16517963                   /var/cache/fontconfig/2cd17615ca594fa2959ae173292e504c-le64.cache-4
7f48fc4d2000-7f48fc4d3000 r--s 00000000 08:01 16518349                   /var/cache/fontconfig/e7071f4a29fa870f4323321c154eba04-le64.cache-4
7f48fc4d3000-7f48fc4da000 r--s 00000000 08:01 16518315                   /var/cache/fontconfig/6eb3985aa4124903f6ff08ba781cd364-le64.cache-4
7f48fc4da000-7f48fc4db000 r--s 00000000 08:01 16521932                   /var/cache/fontconfig/0d8c3b2ac0904cb8a57a757ad11a4a08-le64.cache-4
7f48fc4db000-7f48fc4e2000 r--s 00000000 08:01 16518313                   /var/cache/fontconfig/a755afe4a08bf5b97852ceb7400b47bc-le64.cache-4
7f48fc4e2000-7f48fc4ee000 r--s 00000000 08:01 16521247                   /var/cache/fontconfig/6d41288fd70b0be22e8c3a91e032eec0-le64.cache-4
7f48fc4ee000-7f48fc529000 r--s 00000000 08:01 16523950                   /var/cache/fontconfig/365b55f210c0a22e9a19e35191240f32-le64.cache-4
7f48fc529000-7f48fc581000 r-xp 00000000 08:01 9582828                    /usr/lib/jvm/java-7-oracle/jre/lib/amd64/libjavafx-font.so
7f48fc581000-7f48fc781000 ---p 00058000 08:01 9582828                    /usr/lib/jvm/java-7-oracle/jre/lib/amd64/libjavafx-font.so
7f48fc781000-7f48fc786000 r--p 00058000 08:01 9582828                    /usr/lib/jvm/java-7-oracle/jre/lib/amd64/libjavafx-font.so
7f48fc786000-7f48fc787000 rw-p 0005d000 08:01 9582828                    /usr/lib/jvm/java-7-oracle/jre/lib/amd64/libjavafx-font.so
7f48fc787000-7f48fc788000 rw-p 00000000 00:00 0 
7f48fc788000-7f48fc78b000 ---p 00000000 00:00 0 
7f48fc78b000-7f48fc889000 rw-p 00000000 00:00 0                          [stack:9536]
7f48fc889000-7f48fc88a000 ---p 00000000 00:00 0 
7f48fc88a000-7f48fd08a000 rw-p 00000000 00:00 0                          [stack:9534]
7f48fd08a000-7f48fd08b000 ---p 00000000 00:00 0 
7f48fd08b000-7f48fd88b000 rw-p 00000000 00:00 0                          [stack:9533]
7f48fd88b000-7f48fd896000 r-xp 00000000 08:01 12853117                   /usr/lib/x86_64-linux-gnu/gio/modules/libdconfsettings.so
7f48fd896000-7f48fda96000 ---p 0000b000 08:01 12853117                   /usr/lib/x86_64-linux-gnu/gio/modules/libdconfsettings.so
7f48fda96000-7f48fda97000 r--p 0000b000 08:01 12853117                   /usr/lib/x86_64-linux-gnu/gio/modules/libdconfsettings.so
7f48fda97000-7f48fda98000 rw-p 0000c000 08:01 12853117                   /usr/lib/x86_64-linux-gnu/gio/modules/libdconfsettings.so
7f48fda98000-7f48fdaa1000 r-xp 00000000 08:01 3539551                    /usr/lib/x86_64-linux-gnu/gtk-2.0/2.10.0/engines/libpixmap.so
7f48fdaa1000-7f48fdca1000 ---p 00009000 08:01 3539551                    /usr/lib/x86_64-linux-gnu/gtk-2.0/2.10.0/engines/libpixmap.so
7f48fdca1000-7f48fdca2000 r--p 00009000 08:01 3539551                    /usr/lib/x86_64-linux-gnu/gtk-2.0/2.10.0/engines/libpixmap.so
7f48fdca2000-7f48fdca3000 rw-p 0000a000 08:01 3539551                    /usr/lib/x86_64-linux-gnu/gtk-2.0/2.10.0/engines/libpixmap.so
7f48fdca3000-7f48fdcd2000 r-xp 00000000 08:01 3539469                    /usr/lib/x86_64-linux-gnu/gtk-2.0/2.10.0/engines/libmurrine.so
7f48fdcd2000-7f48fded2000 ---p 0002f000 08:01 3539469                    /usr/lib/x86_64-linux-gnu/gtk-2.0/2.10.0/engines/libmurrine.so
7f48fded2000-7f48fded3000 r--p 0002f000 08:01 3539469                    /usr/lib/x86_64-linux-gnu/gtk-2.0/2.10.0/engines/libmurrine.so
7f48fded3000-7f48fded4000 rw-p 00030000 08:01 3539469                    /usr/lib/x86_64-linux-gnu/gtk-2.0/2.10.0/engines/libmurrine.so
7f48fded4000-7f48fdee5000 r-xp 00000000 08:01 3539083                    /usr/lib/x86_64-linux-gnu/gtk-2.0/modules/liboverlay-scrollbar.so
7f48fdee5000-7f48fe0e4000 ---p 00011000 08:01 3539083                    /usr/lib/x86_64-linux-gnu/gtk-2.0/modules/liboverlay-scrollbar.so
7f48fe0e4000-7f48fe0e5000 r--p 00010000 08:01 3539083                    /usr/lib/x86_64-linux-gnu/gtk-2.0/modules/liboverlay-scrollbar.so
7f48fe0e5000-7f48fe0e6000 rw-p 00011000 08:01 3539083                    /usr/lib/x86_64-linux-gnu/gtk-2.0/modules/liboverlay-scrollbar.so
7f48fe0e6000-7f48fe0ed000 r-xp 00000000 08:01 12866007                   /usr/lib/x86_64-linux-gnu/libogg.so.0.8.1
7f48fe0ed000-7f48fe2ed000 ---p 00007000 08:01 12866007                   /usr/lib/x86_64-linux-gnu/libogg.so.0.8.1
7f48fe2ed000-7f48fe2ee000 r--p 00007000 08:01 12866007                   /usr/lib/x86_64-linux-gnu/libogg.so.0.8.1
7f48fe2ee000-7f48fe2ef000 rw-p 00008000 08:01 12866007                   /usr/lib/x86_64-linux-gnu/libogg.so.0.8.1
7f48fe2ef000-7f48fe31b000 r-xp 00000000 08:01 12870041                   /usr/lib/x86_64-linux-gnu/libvorbis.so.0.4.5
7f48fe31b000-7f48fe51a000 ---p 0002c000 08:01 12870041                   /usr/lib/x86_64-linux-gnu/libvorbis.so.0.4.5
7f48fe51a000-7f48fe51b000 r--p 0002b000 08:01 12870041                   /usr/lib/x86_64-linux-gnu/libvorbis.so.0.4.5
7f48fe51b000-7f48fe51c000 rw-p 0002c000 08:01 12870041                   /usr/lib/x86_64-linux-gnu/libvorbis.so.0.4.5
7f48fe51c000-7f48fe525000 r-xp 00000000 08:01 12847919                   /usr/lib/x86_64-linux-gnu/libltdl.so.7.3.0
7f48fe525000-7f48fe724000 ---p 00009000 08:01 12847919                   /usr/lib/x86_64-linux-gnu/libltdl.so.7.3.0
7f48fe724000-7f48fe725000 r--p 00008000 08:01 12847919                   /usr/lib/x86_64-linux-gnu/libltdl.so.7.3.0
7f48fe725000-7f48fe726000 rw-p 00009000 08:01 12847919                   /usr/lib/x86_64-linux-gnu/libltdl.so.7.3.0
7f48fe726000-7f48fe737000 r-xp 00000000 08:01 12888053                   /usr/lib/x86_64-linux-gnu/libtdb.so.1.2.12
7f48fe737000-7f48fe936000 ---p 00011000 08:01 12888053                   /usr/lib/x86_64-linux-gnu/libtdb.so.1.2.12
7f48fe936000-7f48fe937000 r--p 00010000 08:01 12888053                   /usr/lib/x86_64-linux-gnu/libtdb.so.1.2.12
7f48fe937000-7f48fe938000 rw-p 00011000 08:01 12888053                   /usr/lib/x86_64-linux-gnu/libtdb.so.1.2.12
7f48fe938000-7f48fe93f000 r-xp 00000000 08:01 12869815                   /usr/lib/x86_64-linux-gnu/libvorbisfile.so.3.3.4
7f48fe93f000-7f48feb3e000 ---p 00007000 08:01 12869815                   /usr/lib/x86_64-linux-gnu/libvorbisfile.so.3.3.4
7f48feb3e000-7f48feb3f000 r--p 00006000 08:01 12869815                   /usr/lib/x86_64-linux-gnu/libvorbisfile.so.3.3.4
7f48feb3f000-7f48feb40000 rw-p 00007000 08:01 12869815                   /usr/lib/x86_64-linux-gnu/libvorbisfile.so.3.3.4
7f48feb40000-7f48feb4f000 r-xp 00000000 08:01 12849305                   /usr/lib/x86_64-linux-gnu/libcanberra.so.0.2.5
7f48feb4f000-7f48fed4e000 ---p 0000f000 08:01 12849305                   /usr/lib/x86_64-linux-gnu/libcanberra.so.0.2.5
7f48fed4e000-7f48fed4f000 r--p 0000e000 08:01 12849305                   /usr/lib/x86_64-linux-gnu/libcanberra.so.0.2.5
7f48fed4f000-7f48fed50000 rw-p 0000f000 08:01 12849305                   /usr/lib/x86_64-linux-gnu/libcanberra.so.0.2.5
7f48fed50000-7f48fed54000 r-xp 00000000 08:01 12847121                   /usr/lib/x86_64-linux-gnu/libcanberra-gtk.so.0.1.9
7f48fed54000-7f48fef53000 ---p 00004000 08:01 12847121                   /usr/lib/x86_64-linux-gnu/libcanberra-gtk.so.0.1.9
7f48fef53000-7f48fef54000 r--p 00003000 08:01 12847121                   /usr/lib/x86_64-linux-gnu/libcanberra-gtk.so.0.1.9
7f48fef54000-7f48fef55000 rw-p 00004000 08:01 12847121                   /usr/lib/x86_64-linux-gnu/libcanberra-gtk.so.0.1.9
7f48fef55000-7f48fef5a000 r-xp 00000000 08:01 3539745                    /usr/lib/x86_64-linux-gnu/gtk-2.0/modules/libcanberra-gtk-module.so
7f48fef5a000-7f48ff159000 ---p 00005000 08:01 3539745                    /usr/lib/x86_64-linux-gnu/gtk-2.0/modules/libcanberra-gtk-module.so
7f48ff159000-7f48ff15a000 r--p 00004000 08:01 3539745                    /usr/lib/x86_64-linux-gnu/gtk-2.0/modules/libcanberra-gtk-module.so
7f48ff15a000-7f48ff15b000 rw-p 00005000 08:01 3539745                    /usr/lib/x86_64-linux-gnu/gtk-2.0/modules/libcanberra-gtk-module.so
7f48ff15b000-7f48ff161000 r-xp 00000000 08:01 12847872                   /usr/lib/x86_64-linux-gnu/libdatrie.so.1.3.1
7f48ff161000-7f48ff360000 ---p 00006000 08:01 12847872                   /usr/lib/x86_64-linux-gnu/libdatrie.so.1.3.1
7f48ff360000-7f48ff361000 r--p 00005000 08:01 12847872                   /usr/lib/x86_64-linux-gnu/libdatrie.so.1.3.1
7f48ff361000-7f48ff362000 rw-p 00006000 08:01 12847872                   /usr/lib/x86_64-linux-gnu/libdatrie.so.1.3.1
7f48ff362000-7f48ff37c000 r-xp 00000000 08:01 12861621                   /usr/lib/x86_64-linux-gnu/libgraphite2.so.3.0.1
7f48ff37c000-7f48ff57b000 ---p 0001a000 08:01 12861621                   /usr/lib/x86_64-linux-gnu/libgraphite2.so.3.0.1
7f48ff57b000-7f48ff57d000 r--p 00019000 08:01 12861621                   /usr/lib/x86_64-linux-gnu/libgraphite2.so.3.0.1
7f48ff57d000-7f48ff57e000 rw-p 0001b000 08:01 12861621                   /usr/lib/x86_64-linux-gnu/libgraphite2.so.3.0.1
7f48ff57e000-7f48ff5bb000 r-xp 00000000 08:01 7218987                    /lib/x86_64-linux-gnu/libpcre.so.3.13.1
7f48ff5bb000-7f48ff7ba000 ---p 0003d000 08:01 7218987                    /lib/x86_64-linux-gnu/libpcre.so.3.13.1
7f48ff7ba000-7f48ff7bb000 r--p 0003c000 08:01 7218987                    /lib/x86_64-linux-gnu/libpcre.so.3.13.1
7f48ff7bb000-7f48ff7bc000 rw-p 0003d000 08:01 7218987                    /lib/x86_64-linux-gnu/libpcre.so.3.13.1
7f48ff7bc000-7f48ff7c3000 r-xp 00000000 08:01 12846945                   /usr/lib/x86_64-linux-gnu/libffi.so.6.0.1
7f48ff7c3000-7f48ff9c2000 ---p 00007000 08:01 12846945                   /usr/lib/x86_64-linux-gnu/libffi.so.6.0.1
7f48ff9c2000-7f48ff9c3000 r--p 00006000 08:01 12846945                   /usr/lib/x86_64-linux-gnu/libffi.so.6.0.1
7f48ff9c3000-7f48ff9c4000 rw-p 00007000 08:01 12846945                   /usr/lib/x86_64-linux-gnu/libffi.so.6.0.1
7f48ff9c4000-7f48ff9eb000 r-xp 00000000 08:01 7209524                    /lib/x86_64-linux-gnu/libexpat.so.1.6.0
7f48ff9eb000-7f48ffbeb000 ---p 00027000 08:01 7209524                    /lib/x86_64-linux-gnu/libexpat.so.1.6.0
7f48ffbeb000-7f48ffbed000 r--p 00027000 08:01 7209524                    /lib/x86_64-linux-gnu/libexpat.so.1.6.0
7f48ffbed000-7f48ffbee000 rw-p 00029000 08:01 7209524                    /lib/x86_64-linux-gnu/libexpat.so.1.6.0
7f48ffbee000-7f48ffbf6000 r-xp 00000000 08:01 12846871                   /usr/lib/x86_64-linux-gnu/libthai.so.0.2.0
7f48ffbf6000-7f48ffdf5000 ---p 00008000 08:01 12846871                   /usr/lib/x86_64-linux-gnu/libthai.so.0.2.0
7f48ffdf5000-7f48ffdf6000 r--p 00007000 08:01 12846871                   /usr/lib/x86_64-linux-gnu/libthai.so.0.2.0
7f48ffdf6000-7f48ffdf7000 rw-p 00008000 08:01 12846871                   /usr/lib/x86_64-linux-gnu/libthai.so.0.2.0
7f48ffdf7000-7f48ffdff000 r-xp 00000000 08:01 12846982                   /usr/lib/x86_64-linux-gnu/libxcb-render.so.0.0.0
7f48ffdff000-7f48ffffe000 ---p 00008000 08:01 12846982                   /usr/lib/x86_64-linux-gnu/libxcb-render.so.0.0.0
7f48ffffe000-7f48fffff000 r--p 00007000 08:01 12846982                   /usr/lib/x86_64-linux-gnu/libxcb-render.so.0.0.0
7f48fffff000-7f4900000000 rw-p 00008000 08:01 12846982                   /usr/lib/x86_64-linux-gnu/libxcb-render.so.0.0.0
7f4900000000-7f4900021000 rw-p 00000000 00:00 0 
7f4900021000-7f4904000000 ---p 00000000 00:00 0 
7f4904000000-7f4904014000 r--s 00000000 08:01 16523965                   /var/cache/fontconfig/04aabc0a78ac019cf9454389977116d2-le64.cache-4
7f4904014000-7f4904015000 r--s 00000000 08:01 16521928                   /var/cache/fontconfig/1ac9eb803944fde146138c791f5cc56a-le64.cache-4
7f4904015000-7f4904016000 r--s 00000000 08:01 16521914                   /var/cache/fontconfig/b95bc8ffbebda2bbdae4265e45b8178d-le64.cache-4
7f4904016000-7f490401a000 r--s 00000000 08:01 16521845                   /var/cache/fontconfig/385c0604a188198f04d133e54aba7fe7-le64.cache-4
7f490401a000-7f490401b000 r--s 00000000 08:01 16523964                   /var/cache/fontconfig/9c956a7723ca69a44b382d9179c9802f-le64.cache-4
7f490401b000-7f490401c000 r--s 00000000 08:01 16521655                   /var/cache/fontconfig/dc05db6664285cc2f12bf69c139ae4c3-le64.cache-4
7f490401c000-7f490401d000 r--s 00000000 08:01 16523952                   /var/cache/fontconfig/5d1cca7074f29429a8d18692746c2426-le64.cache-4
7f490401d000-7f490401f000 r--s 00000000 08:01 16521880                   /var/cache/fontconfig/767a8244fc0220cfb567a839d0392e0b-le64.cache-4
7f490401f000-7f4904020000 r--s 00000000 08:01 16531548                   /var/cache/fontconfig/4794a0821666d79190d59a36cb4f44b5-le64.cache-4
7f4904020000-7f4904021000 r--s 00000000 08:01 16521872                   /var/cache/fontconfig/9eae20f1ff8cc0a7d125749e875856bd-le64.cache-4
7f4904021000-7f4904023000 r--s 00000000 08:01 16521843                   /var/cache/fontconfig/bf2c1853a9e9b00bb02fe2e9bcf1e201-le64.cache-4
7f4904023000-7f4904028000 r--s 00000000 08:01 16521830                   /var/cache/fontconfig/8801497958630a81b71ace7c5f9b32a8-le64.cache-4
7f4904028000-7f490402c000 r--s 00000000 08:01 16521833                   /var/cache/fontconfig/c57959a16110560c8d0fcea73374aeeb-le64.cache-4
7f490402c000-7f4904033000 r--s 00000000 08:01 16521831                   /var/cache/fontconfig/3047814df9a2f067bd2d96a2b9c36e5a-le64.cache-4
7f4904033000-7f4904037000 r--s 00000000 08:01 16521233                   /var/cache/fontconfig/bf3b770c553c462765856025a94f1ce6-le64.cache-4
7f4904037000-7f4904038000 r--s 00000000 08:01 16521816                   /var/cache/fontconfig/56cf4f4769d0f4abc89a4895d7bd3ae1-le64.cache-4
7f4904038000-7f490403e000 r--s 00000000 08:01 16523972                   /var/cache/fontconfig/b47c4e1ecd0709278f4910c18777a504-le64.cache-4
7f490403e000-7f4904041000 r--s 00000000 08:01 16521169                   /var/cache/fontconfig/14d493b97896515cad3840ba4896e372-le64.cache-4
7f4904041000-7f4904044000 r--s 00000000 08:01 16521081                   /var/cache/fontconfig/e49e89034d371f0f9de17aab02136486-le64.cache-4
7f4904044000-7f4904057000 r--s 00000000 08:01 16521791                   /var/cache/fontconfig/d52a8644073d54c13679302ca1180695-le64.cache-4
7f4904057000-7f4904060000 r--s 00000000 08:01 16519663                   /var/cache/fontconfig/3f7329c5293ffd510edef78f73874cfd-le64.cache-4
7f4904060000-7f4904063000 ---p 00000000 00:00 0 
7f4904063000-7f4904161000 rw-p 00000000 00:00 0                          [stack:9535]
7f4904161000-7f4904163000 r-xp 00000000 08:01 12847697                   /usr/lib/x86_64-linux-gnu/libxcb-shm.so.0.0.0
7f4904163000-7f4904362000 ---p 00002000 08:01 12847697                   /usr/lib/x86_64-linux-gnu/libxcb-shm.so.0.0.0
7f4904362000-7f4904363000 r--p 00001000 08:01 12847697                   /usr/lib/x86_64-linux-gnu/libxcb-shm.so.0.0.0
7f4904363000-7f4904364000 rw-p 00002000 08:01 12847697                   /usr/lib/x86_64-linux-gnu/libxcb-shm.so.0.0.0
7f4904364000-7f4904389000 r-xp 00000000 08:01 7209459                    /lib/x86_64-linux-gnu/libpng12.so.0.50.0
7f4904389000-7f4904588000 ---p 00025000 08:01 7209459                    /lib/x86_64-linux-gnu/libpng12.so.0.50.0
7f4904588000-7f4904589000 r--p 00024000 08:01 7209459                    /lib/x86_64-linux-gnu/libpng12.so.0.50.0
7f4904589000-7f490458a000 rw-p 00025000 08:01 7209459                    /lib/x86_64-linux-gnu/libpng12.so.0.50.0
7f490458a000-7f490462b000 r-xp 00000000 08:01 12845789                   /usr/lib/x86_64-linux-gnu/libpixman-1.so.0.30.2
7f490462b000-7f490482b000 ---p 000a1000 08:01 12845789                   /usr/lib/x86_64-linux-gnu/libpixman-1.so.0.30.2
7f490482b000-7f4904832000 r--p 000a1000 08:01 12845789                   /usr/lib/x86_64-linux-gnu/libpixman-1.so.0.30.2
7f4904832000-7f4904833000 rw-p 000a8000 08:01 12845789                   /usr/lib/x86_64-linux-gnu/libpixman-1.so.0.30.2
7f4904833000-7f4904886000 r-xp 00000000 08:01 12852233                   /usr/lib/x86_64-linux-gnu/libharfbuzz.so.0.927.0
7f4904886000-7f4904a86000 ---p 00053000 08:01 12852233                   /usr/lib/x86_64-linux-gnu/libharfbuzz.so.0.927.0
7f4904a86000-7f4904a87000 r--p 00053000 08:01 12852233                   /usr/lib/x86_64-linux-gnu/libharfbuzz.so.0.927.0
7f4904a87000-7f4904a88000 rw-p 00054000 08:01 12852233                   /usr/lib/x86_64-linux-gnu/libharfbuzz.so.0.927.0
7f4904a88000-7f4904a9f000 r-xp 00000000 08:01 7209210                    /lib/x86_64-linux-gnu/libresolv-2.19.so
7f4904a9f000-7f4904c9f000 ---p 00017000 08:01 7209210                    /lib/x86_64-linux-gnu/libresolv-2.19.so
7f4904c9f000-7f4904ca0000 r--p 00017000 08:01 7209210                    /lib/x86_64-linux-gnu/libresolv-2.19.so
7f4904ca0000-7f4904ca1000 rw-p 00018000 08:01 7209210                    /lib/x86_64-linux-gnu/libresolv-2.19.so
7f4904ca1000-7f4904ca3000 rw-p 00000000 00:00 0 
7f4904ca3000-7f4904cc3000 r-xp 00000000 08:01 7209092                    /lib/x86_64-linux-gnu/libselinux.so.1
7f4904cc3000-7f4904ec2000 ---p 00020000 08:01 7209092                    /lib/x86_64-linux-gnu/libselinux.so.1
7f4904ec2000-7f4904ec3000 r--p 0001f000 08:01 7209092                    /lib/x86_64-linux-gnu/libselinux.so.1
7f4904ec3000-7f4904ec4000 rw-p 00020000 08:01 7209092                    /lib/x86_64-linux-gnu/libselinux.so.1
7f4904ec4000-7f4904ec6000 rw-p 00000000 00:00 0 
7f4904ec6000-7f4904ede000 r-xp 00000000 08:01 7219779                    /lib/x86_64-linux-gnu/libz.so.1.2.8
7f4904ede000-7f49050dd000 ---p 00018000 08:01 7219779                    /lib/x86_64-linux-gnu/libz.so.1.2.8
7f49050dd000-7f49050de000 r--p 00017000 08:01 7219779                    /lib/x86_64-linux-gnu/libz.so.1.2.8
7f49050de000-7f49050df000 rw-p 00018000 08:01 7219779                    /lib/x86_64-linux-gnu/libz.so.1.2.8
7f49050df000-7f49050e1000 r-xp 00000000 08:01 12851598                   /usr/lib/x86_64-linux-gnu/libXdamage.so.1.1.0
7f49050e1000-7f49052e0000 ---p 00002000 08:01 12851598                   /usr/lib/x86_64-linux-gnu/libXdamage.so.1.1.0
7f49052e0000-7f49052e1000 r--p 00001000 08:01 12851598                   /usr/lib/x86_64-linux-gnu/libXdamage.so.1.1.0
7f49052e1000-7f49052e2000 rw-p 00002000 08:01 12851598                   /usr/lib/x86_64-linux-gnu/libXdamage.so.1.1.0
7f49052e2000-7f49052e4000 r-xp 00000000 08:01 12846976                   /usr/lib/x86_64-linux-gnu/libXcomposite.so.1.0.0
7f49052e4000-7f49054e3000 ---p 00002000 08:01 12846976                   /usr/lib/x86_64-linux-gnu/libXcomposite.so.1.0.0
7f49054e3000-7f49054e4000 r--p 00001000 08:01 12846976                   /usr/lib/x86_64-linux-gnu/libXcomposite.so.1.0.0
7f49054e4000-7f49054e5000 rw-p 00002000 08:01 12846976                   /usr/lib/x86_64-linux-gnu/libXcomposite.so.1.0.0
7f49054e5000-7f49054ee000 r-xp 00000000 08:01 12851519                   /usr/lib/x86_64-linux-gnu/libXcursor.so.1.0.2
7f49054ee000-7f49056ed000 ---p 00009000 08:01 12851519                   /usr/lib/x86_64-linux-gnu/libXcursor.so.1.0.2
7f49056ed000-7f49056ee000 r--p 00008000 08:01 12851519                   /usr/lib/x86_64-linux-gnu/libXcursor.so.1.0.2
7f49056ee000-7f49056ef000 rw-p 00009000 08:01 12851519                   /usr/lib/x86_64-linux-gnu/libXcursor.so.1.0.2
7f49056ef000-7f49056f8000 r-xp 00000000 08:01 12853858                   /usr/lib/x86_64-linux-gnu/libXrandr.so.2.2.0
7f49056f8000-7f49058f7000 ---p 00009000 08:01 12853858                   /usr/lib/x86_64-linux-gnu/libXrandr.so.2.2.0
7f49058f7000-7f49058f8000 r--p 00008000 08:01 12853858                   /usr/lib/x86_64-linux-gnu/libXrandr.so.2.2.0
7f49058f8000-7f49058f9000 rw-p 00009000 08:01 12853858                   /usr/lib/x86_64-linux-gnu/libXrandr.so.2.2.0
7f49058f9000-7f4905908000 r-xp 00000000 08:01 12846827                   /usr/lib/x86_64-linux-gnu/libXi.so.6.1.0
7f4905908000-7f4905b07000 ---p 0000f000 08:01 12846827                   /usr/lib/x86_64-linux-gnu/libXi.so.6.1.0
7f4905b07000-7f4905b08000 r--p 0000e000 08:01 12846827                   /usr/lib/x86_64-linux-gnu/libXi.so.6.1.0
7f4905b08000-7f4905b09000 rw-p 0000f000 08:01 12846827                   /usr/lib/x86_64-linux-gnu/libXi.so.6.1.0
7f4905b09000-7f4905b0b000 r-xp 00000000 08:01 12851604                   /usr/lib/x86_64-linux-gnu/libXinerama.so.1.0.0
7f4905b0b000-7f4905d0a000 ---p 00002000 08:01 12851604                   /usr/lib/x86_64-linux-gnu/libXinerama.so.1.0.0
7f4905d0a000-7f4905d0b000 r--p 00001000 08:01 12851604                   /usr/lib/x86_64-linux-gnu/libXinerama.so.1.0.0
7f4905d0b000-7f4905d0c000 rw-p 00002000 08:01 12851604                   /usr/lib/x86_64-linux-gnu/libXinerama.so.1.0.0
7f4905d0c000-7f4905d15000 r-xp 00000000 08:01 12847701                   /usr/lib/x86_64-linux-gnu/libXrender.so.1.3.0
7f4905d15000-7f4905f14000 ---p 00009000 08:01 12847701                   /usr/lib/x86_64-linux-gnu/libXrender.so.1.3.0
7f4905f14000-7f4905f15000 r--p 00008000 08:01 12847701                   /usr/lib/x86_64-linux-gnu/libXrender.so.1.3.0
7f4905f15000-7f4905f16000 rw-p 00009000 08:01 12847701                   /usr/lib/x86_64-linux-gnu/libXrender.so.1.3.0
7f4905f16000-7f4905f1b000 r-xp 00000000 08:01 12850150                   /usr/lib/x86_64-linux-gnu/libXfixes.so.3.1.0
7f4905f1b000-7f490611a000 ---p 00005000 08:01 12850150                   /usr/lib/x86_64-linux-gnu/libXfixes.so.3.1.0
7f490611a000-7f490611b000 r--p 00004000 08:01 12850150                   /usr/lib/x86_64-linux-gnu/libXfixes.so.3.1.0
7f490611b000-7f490611c000 rw-p 00005000 08:01 12850150                   /usr/lib/x86_64-linux-gnu/libXfixes.so.3.1.0
7f490611c000-7f4906132000 r-xp 00000000 08:01 7220045                    /lib/x86_64-linux-gnu/libgcc_s.so.1
7f4906132000-7f4906331000 ---p 00016000 08:01 7220045                    /lib/x86_64-linux-gnu/libgcc_s.so.1
7f4906331000-7f4906332000 rw-p 00015000 08:01 7220045                    /lib/x86_64-linux-gnu/libgcc_s.so.1
7f4906332000-7f4906418000 r-xp 00000000 08:01 12847801                   /usr/lib/x86_64-linux-gnu/libstdc++.so.6.0.19
7f4906418000-7f4906617000 ---p 000e6000 08:01 12847801                   /usr/lib/x86_64-linux-gnu/libstdc++.so.6.0.19
7f4906617000-7f490661f000 r--p 000e5000 08:01 12847801                   /usr/lib/x86_64-linux-gnu/libstdc++.so.6.0.19
7f490661f000-7f4906621000 rw-p 000ed000 08:01 12847801                   /usr/lib/x86_64-linux-gnu/libstdc++.so.6.0.19
7f4906621000-7f4906636000 rw-p 00000000 00:00 0 
7f4906636000-7f490663b000 r-xp 00000000 08:01 12846922                   /usr/lib/x86_64-linux-gnu/libXtst.so.6.1.0
7f490663b000-7f490683a000 ---p 00005000 08:01 12846922                   /usr/lib/x86_64-linux-gnu/libXtst.so.6.1.0
7f490683a000-7f490683b000 r--p 00004000 08:01 12846922                   /usr/lib/x86_64-linux-gnu/libXtst.so.6.1.0
7f490683b000-7f490683c000 rw-p 00005000 08:01 12846922                   /usr/lib/x86_64-linux-gnu/libXtst.so.6.1.0
7f490683c000-7f4906942000 r-xp 00000000 08:01 7218844                    /lib/x86_64-linux-gnu/libglib-2.0.so.0.4002.0
7f4906942000-7f4906b41000 ---p 00106000 08:01 7218844                    /lib/x86_64-linux-gnu/libglib-2.0.so.0.4002.0
7f4906b41000-7f4906b42000 r--p 00105000 08:01 7218844                    /lib/x86_64-linux-gnu/libglib-2.0.so.0.4002.0
7f4906b42000-7f4906b43000 rw-p 00106000 08:01 7218844                    /lib/x86_64-linux-gnu/libglib-2.0.so.0.4002.0
7f4906b43000-7f4906b44000 rw-p 00000000 00:00 0 
7f4906b44000-7f4906b45000 r-xp 00000000 08:01 12847789                   /usr/lib/x86_64-linux-gnu/libgthread-2.0.so.0.4002.0
7f4906b45000-7f4906d44000 ---p 00001000 08:01 12847789                   /usr/lib/x86_64-linux-gnu/libgthread-2.0.so.0.4002.0
7f4906d44000-7f4906d45000 r--p 00000000 08:01 12847789                   /usr/lib/x86_64-linux-gnu/libgthread-2.0.so.0.4002.0
7f4906d45000-7f4906d46000 rw-p 00001000 08:01 12847789                   /usr/lib/x86_64-linux-gnu/libgthread-2.0.so.0.4002.0
7f4906d46000-7f4906d49000 r-xp 00000000 08:01 12847723                   /usr/lib/x86_64-linux-gnu/libgmodule-2.0.so.0.4002.0
7f4906d49000-7f4906f48000 ---p 00003000 08:01 12847723                   /usr/lib/x86_64-linux-gnu/libgmodule-2.0.so.0.4002.0
7f4906f48000-7f4906f49000 r--p 00002000 08:01 12847723                   /usr/lib/x86_64-linux-gnu/libgmodule-2.0.so.0.4002.0
7f4906f49000-7f4906f4a000 rw-p 00003000 08:01 12847723                   /usr/lib/x86_64-linux-gnu/libgmodule-2.0.so.0.4002.0
7f4906f4a000-7f4906f99000 r-xp 00000000 08:01 12847756                   /usr/lib/x86_64-linux-gnu/libgobject-2.0.so.0.4002.0
7f4906f99000-7f4907199000 ---p 0004f000 08:01 12847756                   /usr/lib/x86_64-linux-gnu/libgobject-2.0.so.0.4002.0
7f4907199000-7f490719a000 r--p 0004f000 08:01 12847756                   /usr/lib/x86_64-linux-gnu/libgobject-2.0.so.0.4002.0
7f490719a000-7f490719b000 rw-p 00050000 08:01 12847756                   /usr/lib/x86_64-linux-gnu/libgobject-2.0.so.0.4002.0
7f490719b000-7f49071d5000 r-xp 00000000 08:01 12847679                   /usr/lib/x86_64-linux-gnu/libfontconfig.so.1.8.0
7f49071d5000-7f49073d4000 ---p 0003a000 08:01 12847679                   /usr/lib/x86_64-linux-gnu/libfontconfig.so.1.8.0
7f49073d4000-7f49073d6000 r--p 00039000 08:01 12847679                   /usr/lib/x86_64-linux-gnu/libfontconfig.so.1.8.0
7f49073d6000-7f49073d7000 rw-p 0003b000 08:01 12847679                   /usr/lib/x86_64-linux-gnu/libfontconfig.so.1.8.0
7f49073d7000-7f4907474000 r-xp 00000000 08:01 12848200                   /usr/lib/x86_64-linux-gnu/libfreetype.so.6.11.1
7f4907474000-7f4907673000 ---p 0009d000 08:01 12848200                   /usr/lib/x86_64-linux-gnu/libfreetype.so.6.11.1
7f4907673000-7f4907679000 r--p 0009c000 08:01 12848200                   /usr/lib/x86_64-linux-gnu/libfreetype.so.6.11.1
7f4907679000-7f490767a000 rw-p 000a2000 08:01 12848200                   /usr/lib/x86_64-linux-gnu/libfreetype.so.6.11.1
7f490767a000-7f49076c4000 r-xp 00000000 08:01 12851021                   /usr/lib/x86_64-linux-gnu/libpango-1.0.so.0.3600.3
7f49076c4000-7f49078c4000 ---p 0004a000 08:01 12851021                   /usr/lib/x86_64-linux-gnu/libpango-1.0.so.0.3600.3
7f49078c4000-7f49078c6000 r--p 0004a000 08:01 12851021                   /usr/lib/x86_64-linux-gnu/libpango-1.0.so.0.3600.3
7f49078c6000-7f49078c7000 rw-p 0004c000 08:01 12851021                   /usr/lib/x86_64-linux-gnu/libpango-1.0.so.0.3600.3
7f49078c7000-7f49079cd000 r-xp 00000000 08:01 12847704                   /usr/lib/x86_64-linux-gnu/libcairo.so.2.11301.0
7f49079cd000-7f4907bcc000 ---p 00106000 08:01 12847704                   /usr/lib/x86_64-linux-gnu/libcairo.so.2.11301.0
7f4907bcc000-7f4907bcf000 r--p 00105000 08:01 12847704                   /usr/lib/x86_64-linux-gnu/libcairo.so.2.11301.0
7f4907bcf000-7f4907bd0000 rw-p 00108000 08:01 12847704                   /usr/lib/x86_64-linux-gnu/libcairo.so.2.11301.0
7f4907bd0000-7f4907bd2000 rw-p 00000000 00:00 0 
7f4907bd2000-7f4907bdd000 r-xp 00000000 08:01 12851013                   /usr/lib/x86_64-linux-gnu/libpangocairo-1.0.so.0.3600.3
7f4907bdd000-7f4907ddd000 ---p 0000b000 08:01 12851013                   /usr/lib/x86_64-linux-gnu/libpangocairo-1.0.so.0.3600.3
7f4907ddd000-7f4907dde000 r--p 0000b000 08:01 12851013                   /usr/lib/x86_64-linux-gnu/libpangocairo-1.0.so.0.3600.3
7f4907dde000-7f4907ddf000 rw-p 0000c000 08:01 12851013                   /usr/lib/x86_64-linux-gnu/libpangocairo-1.0.so.0.3600.3
7f4907ddf000-7f4907dfe000 r-xp 00000000 08:01 12848553                   /usr/lib/x86_64-linux-gnu/libgdk_pixbuf-2.0.so.0.3000.7
7f4907dfe000-7f4907ffe000 ---p 0001f000 08:01 12848553                   /usr/lib/x86_64-linux-gnu/libgdk_pixbuf-2.0.so.0.3000.7
7f4907ffe000-7f4907fff000 r--p 0001f000 08:01 12848553                   /usr/lib/x86_64-linux-gnu/libgdk_pixbuf-2.0.so.0.3000.7
7f4907fff000-7f4908000000 rw-p 00020000 08:01 12848553                   /usr/lib/x86_64-linux-gnu/libgdk_pixbuf-2.0.so.0.3000.7
7f4908000000-7f4908021000 rw-p 00000000 00:00 0 
7f4908021000-7f490c000000 ---p 00000000 00:00 0 
7f490c000000-7f490c001000 r--s 00000000 08:01 16521819                   /var/cache/fontconfig/b9d506c9ac06c20b433354fa67a72993-le64.cache-4
7f490c001000-7f490c002000 r--s 00000000 08:01 16521128                   /var/cache/fontconfig/89034621ae2a8922916bb6bfa5799546-le64.cache-4
7f490c002000-7f490c004000 r--s 00000000 08:01 16521804                   /var/cache/fontconfig/4b14b093aebc79c320de5e86ae1d3314-le64.cache-4
7f490c004000-7f490c005000 r--s 00000000 08:01 16521783                   /var/cache/fontconfig/8aec10f4cc8391dcef22ca549f1e4354-le64.cache-4
7f490c005000-7f490c006000 r--s 00000000 08:01 16521074                   /var/cache/fontconfig/8a687c406b77f27d99abfeeba937fcce-le64.cache-4
7f490c006000-7f490c007000 r--s 00000000 08:01 16521732                   /var/cache/fontconfig/ac2cf712d852da827a87a9baf682f5b9-le64.cache-4
7f490c007000-7f490c009000 r--s 00000000 08:01 16521683                   /var/cache/fontconfig/65f976e5259cbe6dc7697b8648396239-le64.cache-4
7f490c009000-7f490c014000 r--s 00000000 08:01 16521068                   /var/cache/fontconfig/d589a48862398ed80a3d6066f4f56f4c-le64.cache-4
7f490c014000-7f490c015000 r--s 00000000 08:01 16521061                   /var/cache/fontconfig/94f7fe9bd33aadfac165873bd010d595-le64.cache-4
7f490c015000-7f490c017000 r--s 00000000 08:01 16521056                   /var/cache/fontconfig/423767150eb258c59035de29db6fca84-le64.cache-4
7f490c017000-7f490c018000 r--s 00000000 08:01 16521679                   /var/cache/fontconfig/845c20fd2c4814bcec78e05d37a63ccc-le64.cache-4
7f490c018000-7f490c019000 r--s 00000000 08:01 16523927                   /var/cache/fontconfig/e7de81b01590fb7e12b38e274e17d0db-le64.cache-4
7f490c019000-7f490c01b000 r--s 00000000 08:01 16523943                   /var/cache/fontconfig/67709b7835c0f764c1135060c9575660-le64.cache-4
7f490c01b000-7f490c025000 r--s 00000000 08:01 16521043                   /var/cache/fontconfig/198d8fcf01c96d0cf813f74fd759bdb7-le64.cache-4
7f490c025000-7f490c030000 r--s 00000000 08:01 16521039                   /var/cache/fontconfig/83bf95040141907cd45bb53cf7c1c148-le64.cache-4
7f490c030000-7f490c032000 r--s 00000000 08:01 16521036                   /var/cache/fontconfig/6e6b34ae150a7ad95e82fb4a522f0bda-le64.cache-4
7f490c032000-7f490c039000 r--s 00000000 08:01 16521018                   /var/cache/fontconfig/53d14c92082a93e67d5078324eb314ca-le64.cache-4
7f490c039000-7f490c03d000 r--s 00000000 08:01 16521004                   /var/cache/fontconfig/6c08beecf0dac481ec92e759e0c2e6d7-le64.cache-4
7f490c03d000-7f490c041000 r--s 00000000 08:01 16520990                   /var/cache/fontconfig/4d6aee6d44eccb37054d3216e945f618-le64.cache-4
7f490c041000-7f490c045000 r--s 00000000 08:01 16520987                   /var/cache/fontconfig/d6c6df98c3df5faf9bd0f8ef4d91efe5-le64.cache-4
7f490c045000-7f490c049000 r--s 00000000 08:01 16520970                   /var/cache/fontconfig/9fb319ef52839f11ee26ab8b4cffa12b-le64.cache-4
7f490c049000-7f490c05c000 r--s 00000000 08:01 16520969                   /var/cache/fontconfig/4ac51e5cfbc76fc3f983e470323a16d3-le64.cache-4
7f490c05c000-7f490c05f000 r--s 00000000 08:01 16520961                   /var/cache/fontconfig/c19b55eb3b4c5b40ea175e31682068a5-le64.cache-4
7f490c05f000-7f490c062000 r--s 00000000 08:01 16520897                   /var/cache/fontconfig/de83a0a961185c8bd1f159015d56c039-le64.cache-4
7f490c062000-7f490c083000 r--s 00000000 08:01 16524036                   /var/cache/fontconfig/e13b20fdb08344e0e664864cc2ede53d-le64.cache-4
7f490c083000-7f490c090000 r--s 00000000 08:01 16531571                   /var/cache/fontconfig/8f02d4cb045bd6ce15663e43f347c9f8-le64.cache-4
7f490c090000-7f490c0ae000 r--s 00000000 08:01 16519695                   /var/cache/fontconfig/467c019e582ee353435ea5c21d137ef6-le64.cache-4
7f490c0ae000-7f490c0c2000 r-xp 00000000 08:01 12848548                   /usr/lib/x86_64-linux-gnu/libpangoft2-1.0.so.0.3600.3
7f490c0c2000-7f490c2c1000 ---p 00014000 08:01 12848548                   /usr/lib/x86_64-linux-gnu/libpangoft2-1.0.so.0.3600.3
7f490c2c1000-7f490c2c2000 r--p 00013000 08:01 12848548                   /usr/lib/x86_64-linux-gnu/libpangoft2-1.0.so.0.3600.3
7f490c2c2000-7f490c2c3000 rw-p 00014000 08:01 12848548                   /usr/lib/x86_64-linux-gnu/libpangoft2-1.0.so.0.3600.3
7f490c2c3000-7f490c42f000 r-xp 00000000 08:01 12847790                   /usr/lib/x86_64-linux-gnu/libgio-2.0.so.0.4002.0
7f490c42f000-7f490c62e000 ---p 0016c000 08:01 12847790                   /usr/lib/x86_64-linux-gnu/libgio-2.0.so.0.4002.0
7f490c62e000-7f490c632000 r--p 0016b000 08:01 12847790                   /usr/lib/x86_64-linux-gnu/libgio-2.0.so.0.4002.0
7f490c632000-7f490c634000 rw-p 0016f000 08:01 12847790                   /usr/lib/x86_64-linux-gnu/libgio-2.0.so.0.4002.0
7f490c634000-7f490c636000 rw-p 00000000 00:00 0 
7f490c636000-7f490c655000 r-xp 00000000 08:01 12846582                   /usr/lib/x86_64-linux-gnu/libatk-1.0.so.0.21009.1
7f490c655000-7f490c855000 ---p 0001f000 08:01 12846582                   /usr/lib/x86_64-linux-gnu/libatk-1.0.so.0.21009.1
7f490c855000-7f490c857000 r--p 0001f000 08:01 12846582                   /usr/lib/x86_64-linux-gnu/libatk-1.0.so.0.21009.1
7f490c857000-7f490c858000 rw-p 00021000 08:01 12846582                   /usr/lib/x86_64-linux-gnu/libatk-1.0.so.0.21009.1
7f490c858000-7f490c905000 r-xp 00000000 08:01 12852393                   /usr/lib/x86_64-linux-gnu/libgdk-x11-2.0.so.0.2400.23
7f490c905000-7f490cb04000 ---p 000ad000 08:01 12852393                   /usr/lib/x86_64-linux-gnu/libgdk-x11-2.0.so.0.2400.23
7f490cb04000-7f490cb08000 r--p 000ac000 08:01 12852393                   /usr/lib/x86_64-linux-gnu/libgdk-x11-2.0.so.0.2400.23
7f490cb08000-7f490cb0a000 rw-p 000b0000 08:01 12852393                   /usr/lib/x86_64-linux-gnu/libgdk-x11-2.0.so.0.2400.23
7f490cb0a000-7f490cf39000 r-xp 00000000 08:01 12852392                   /usr/lib/x86_64-linux-gnu/libgtk-x11-2.0.so.0.2400.23
7f490cf39000-7f490d138000 ---p 0042f000 08:01 12852392                   /usr/lib/x86_64-linux-gnu/libgtk-x11-2.0.so.0.2400.23
7f490d138000-7f490d13f000 r--p 0042e000 08:01 12852392                   /usr/lib/x86_64-linux-gnu/libgtk-x11-2.0.so.0.2400.23
7f490d13f000-7f490d143000 rw-p 00435000 08:01 12852392                   /usr/lib/x86_64-linux-gnu/libgtk-x11-2.0.so.0.2400.23
7f490d143000-7f490d146000 rw-p 00000000 00:00 0 
7f490d146000-7f490d16b000 r-xp 00000000 08:01 9582852                    /usr/lib/jvm/java-7-oracle/jre/lib/amd64/libglass.so
7f490d16b000-7f490d36b000 ---p 00025000 08:01 9582852                    /usr/lib/jvm/java-7-oracle/jre/lib/amd64/libglass.so
7f490d36b000-7f490d36c000 r--p 00025000 08:01 9582852                    /usr/lib/jvm/java-7-oracle/jre/lib/amd64/libglass.so
7f490d36c000-7f490d36d000 rw-p 00026000 08:01 9582852                    /usr/lib/jvm/java-7-oracle/jre/lib/amd64/libglass.so
7f490d36d000-7f490d370000 ---p 00000000 00:00 0 
7f490d370000-7f490d46e000 rw-p 00000000 00:00 0                          [stack:9532]
7f490d46e000-7f490d66e000 rw-s 1259d000 00:05 14035                      /dev/nvidia0
7f490d6cf000-7f490d74f000 rw-s 171be0000 00:05 14035                     /dev/nvidia0
7f490d74f000-7f490d76e000 rw-p 00000000 00:00 0 
7f490d76e000-7f490d80c000 rw-p 00000000 00:00 0 
7f490d80c000-7f490d811000 r-xp 00000000 08:01 12846821                   /usr/lib/x86_64-linux-gnu/libXdmcp.so.6.0.0
7f490d811000-7f490da10000 ---p 00005000 08:01 12846821                   /usr/lib/x86_64-linux-gnu/libXdmcp.so.6.0.0
7f490da10000-7f490da11000 r--p 00004000 08:01 12846821                   /usr/lib/x86_64-linux-gnu/libXdmcp.so.6.0.0
7f490da11000-7f490da12000 rw-p 00005000 08:01 12846821                   /usr/lib/x86_64-linux-gnu/libXdmcp.so.6.0.0
7f490da12000-7f490da14000 r-xp 00000000 08:01 12850130                   /usr/lib/x86_64-linux-gnu/libXau.so.6.0.0
7f490da14000-7f490dc14000 ---p 00002000 08:01 12850130                   /usr/lib/x86_64-linux-gnu/libXau.so.6.0.0
7f490dc14000-7f490dc15000 r--p 00002000 08:01 12850130                   /usr/lib/x86_64-linux-gnu/libXau.so.6.0.0
7f490dc15000-7f490dc16000 rw-p 00003000 08:01 12850130                   /usr/lib/x86_64-linux-gnu/libXau.so.6.0.0
7f490dc16000-7f490f5e6000 r-xp 00000000 08:01 12887406                   /usr/lib/nvidia-304/libnvidia-glcore.so.304.117
7f490f5e6000-7f490f7e5000 ---p 019d0000 08:01 12887406                   /usr/lib/nvidia-304/libnvidia-glcore.so.304.117
7f490f7e5000-7f490ffe6000 rwxp 019cf000 08:01 12887406                   /usr/lib/nvidia-304/libnvidia-glcore.so.304.117
7f490ffe6000-7f4910000000 rwxp 00000000 00:00 0 
7f4910000000-7f4910021000 rw-p 00000000 00:00 0 
7f4910021000-7f4914000000 ---p 00000000 00:00 0 
7f4914000000-7f4914001000 r--s 00000000 08:01 16521047                   /var/cache/fontconfig/406a1d2d2bf3ed7664fbadefac0b2f66-le64.cache-4
7f4914001000-7f4914006000 r--s 00000000 08:01 16518186                   /var/cache/fontconfig/7ef2298fde41cc6eeb7af42e48b7d293-le64.cache-4
7f4914006000-7f4914046000 rw-s 453d7000 00:05 14035                      /dev/nvidia0
7f4914047000-7f4914066000 rw-p 00000000 00:00 0 
7f4914066000-7f4914067000 r--s 00000000 08:01 16523968                   /var/cache/fontconfig/0c9eb80ebd1c36541ebe2852d3bb0c49-le64.cache-4
7f4914067000-7f4914068000 r--s 00000000 08:01 16521022                   /var/cache/fontconfig/3334a778d104e76d188e9df399bc24d2-le64.cache-4
7f4914068000-7f491406a000 r--s 00000000 08:01 16531577                   /var/cache/fontconfig/16326683038b281783a0ef8c680e3a10-le64.cache-4
7f491406a000-7f4914074000 r--s 00251000 08:01 9582911                    /usr/lib/jvm/java-7-oracle/jre/lib/resources.jar
7f4914074000-7f4914079000 r--p 00000000 00:1d 4115411                    /net/homes/u007/g0403105/.config/dconf/user
7f4914079000-7f49140cb000 r--p 00000000 08:01 12849912                   /usr/share/glib-2.0/schemas/gschemas.compiled
7f49140cb000-7f4914189000 rw-p 00000000 00:00 0 
7f4914189000-7f491418c000 r-xp 00000000 08:01 12887393                   /usr/lib/nvidia-304/tls/libnvidia-tls.so.304.117
7f491418c000-7f491438b000 ---p 00003000 08:01 12887393                   /usr/lib/nvidia-304/tls/libnvidia-tls.so.304.117
7f491438b000-7f491438c000 rw-p 00002000 08:01 12887393                   /usr/lib/nvidia-304/tls/libnvidia-tls.so.304.117
7f491438c000-7f491439d000 r-xp 00000000 08:01 12849389                   /usr/lib/x86_64-linux-gnu/libXext.so.6.4.0
7f491439d000-7f491459c000 ---p 00011000 08:01 12849389                   /usr/lib/x86_64-linux-gnu/libXext.so.6.4.0
7f491459c000-7f491459d000 r--p 00010000 08:01 12849389                   /usr/lib/x86_64-linux-gnu/libXext.so.6.4.0
7f491459d000-7f491459e000 rw-p 00011000 08:01 12849389                   /usr/lib/x86_64-linux-gnu/libXext.so.6.4.0
7f491459e000-7f49145bb000 r-xp 00000000 08:01 12846852                   /usr/lib/x86_64-linux-gnu/libxcb.so.1.1.0
7f49145bb000-7f49147bb000 ---p 0001d000 08:01 12846852                   /usr/lib/x86_64-linux-gnu/libxcb.so.1.1.0
7f49147bb000-7f49147bc000 r--p 0001d000 08:01 12846852                   /usr/lib/x86_64-linux-gnu/libxcb.so.1.1.0
7f49147bc000-7f49147bd000 rw-p 0001e000 08:01 12846852                   /usr/lib/x86_64-linux-gnu/libxcb.so.1.1.0
7f49147bd000-7f4914887000 r-xp 00000000 08:01 12860558                   /usr/lib/nvidia-304/libGL.so.304.117
7f4914887000-7f4914a87000 ---p 000ca000 08:01 12860558                   /usr/lib/nvidia-304/libGL.so.304.117
7f4914a87000-7f4914ac4000 rwxp 000ca000 08:01 12860558                   /usr/lib/nvidia-304/libGL.so.304.117
7f4914ac4000-7f4914ada000 rwxp 00000000 00:00 0 
7f4914ada000-7f4914ade000 r-xp 00000000 08:01 12884388                   /usr/lib/x86_64-linux-gnu/libXxf86vm.so.1.0.0
7f4914ade000-7f4914cde000 ---p 00004000 08:01 12884388                   /usr/lib/x86_64-linux-gnu/libXxf86vm.so.1.0.0
7f4914cde000-7f4914cdf000 r--p 00004000 08:01 12884388                   /usr/lib/x86_64-linux-gnu/libXxf86vm.so.1.0.0
7f4914cdf000-7f4914ce0000 rw-p 00005000 08:01 12884388                   /usr/lib/x86_64-linux-gnu/libXxf86vm.so.1.0.0
7f4914ce0000-7f4914e10000 r-xp 00000000 08:01 12847999                   /usr/lib/x86_64-linux-gnu/libX11.so.6.3.0
7f4914e10000-7f4915010000 ---p 00130000 08:01 12847999                   /usr/lib/x86_64-linux-gnu/libX11.so.6.3.0
7f4915010000-7f4915011000 r--p 00130000 08:01 12847999                   /usr/lib/x86_64-linux-gnu/libX11.so.6.3.0
7f4915011000-7f4915015000 rw-p 00131000 08:01 12847999                   /usr/lib/x86_64-linux-gnu/libX11.so.6.3.0
7f4915015000-7f4915016000 r--s 00000000 08:01 16520910                   /var/cache/fontconfig/c277e94e32b20404286a1ddafa5a80f0-le64.cache-4
7f4915016000-7f4915018000 rw-s 00000000 08:01 17826785                   /tmp/gl2dK0UJ (deleted)
7f4915018000-7f4915028000 rw-p 00000000 00:00 0 
7f4915028000-7f4915029000 r--s 00000000 08:01 16531569                   /var/cache/fontconfig/e0aa53bcfa504e64f87823c16bc01eb6-le64.cache-4
7f4915029000-7f491502a000 r--s 00000000 00:15 4873775                    /run/user/31410/dconf/user
7f491502a000-7f491502e000 rw-s 72005000 00:05 14035                      /dev/nvidia0
7f491502e000-7f491502f000 rw-s d0008000 00:05 14035                      /dev/nvidia0
7f491502f000-7f4915030000 rw-s 72004000 00:05 14035                      /dev/nvidia0
7f4915030000-7f491504d000 rw-s 19714f000 00:05 14035                     /dev/nvidia0
7f491504d000-7f4915056000 r-xp 00000000 08:01 9582835                    /usr/lib/jvm/java-7-oracle/jre/lib/amd64/libprism-es2.so
7f4915056000-7f4915255000 ---p 00009000 08:01 9582835                    /usr/lib/jvm/java-7-oracle/jre/lib/amd64/libprism-es2.so
7f4915255000-7f4915256000 r--p 00008000 08:01 9582835                    /usr/lib/jvm/java-7-oracle/jre/lib/amd64/libprism-es2.so
7f4915256000-7f4915257000 rw-p 00009000 08:01 9582835                    /usr/lib/jvm/java-7-oracle/jre/lib/amd64/libprism-es2.so
7f4915257000-7f491525a000 ---p 00000000 00:00 0 
7f491525a000-7f4915358000 rw-p 00000000 00:00 0                          [stack:9531]
7f4915358000-7f491536b000 r--s 000d6000 08:01 9582923                    /usr/lib/jvm/java-7-oracle/jre/lib/plugin.jar
7f491536b000-7f491536e000 ---p 00000000 00:00 0 
7f491536e000-7f491546c000 rw-p 00000000 00:00 0                          [stack:9530]
7f491546c000-7f491548a000 r-xp 00000000 08:01 9582817                    /usr/lib/jvm/java-7-oracle/jre/lib/amd64/libdeploy.so
7f491548a000-7f491568a000 ---p 0001e000 08:01 9582817                    /usr/lib/jvm/java-7-oracle/jre/lib/amd64/libdeploy.so
7f491568a000-7f491568c000 rw-p 0001e000 08:01 9582817                    /usr/lib/jvm/java-7-oracle/jre/lib/amd64/libdeploy.so
7f491568c000-7f491569c000 rw-p 00000000 00:00 0 
7f491569c000-7f491569f000 ---p 00000000 00:00 0 
7f491569f000-7f491579d000 rw-p 00000000 00:00 0                          [stack:9529]
7f491579d000-7f491579e000 ---p 00000000 00:00 0 
7f491579e000-7f491589e000 rw-p 00000000 00:00 0                          [stack:9528]
7f491589e000-7f49158a1000 ---p 00000000 00:00 0 
7f49158a1000-7f491599f000 rw-p 00000000 00:00 0                          [stack:9527]
7f491599f000-7f49159a2000 ---p 00000000 00:00 0 
7f49159a2000-7f4915aa0000 rw-p 00000000 00:00 0                          [stack:9526]
7f4915aa0000-7f4915aa3000 ---p 00000000 00:00 0 
7f4915aa3000-7f4915ba1000 rw-p 00000000 00:00 0                          [stack:9525]
7f4915ba1000-7f4915ba4000 ---p 00000000 00:00 0 
7f4915ba4000-7f4915ca2000 rw-p 00000000 00:00 0                          [stack:9524]
7f4915ca2000-7f49166e7000 r--p 00000000 08:01 12846937                   /usr/lib/locale/locale-archive
7f49166e7000-7f49166ea000 ---p 00000000 00:00 0 
7f49166ea000-7f49167e8000 rw-p 00000000 00:00 0                          [stack:9523]
7f49167e8000-7f49167eb000 ---p 00000000 00:00 0 
7f49167eb000-7f49168e9000 rw-p 00000000 00:00 0                          [stack:9522]
7f49168e9000-7f49168ea000 ---p 00000000 00:00 0 
7f49168ea000-7f4918000000 rw-p 00000000 00:00 0                          [stack:9521]
7f4918000000-7f4918021000 rw-p 00000000 00:00 0 
7f4918021000-7f491c000000 ---p 00000000 00:00 0 
7f491c000000-7f491c004000 rw-s 426bb000 00:05 14035                      /dev/nvidia0
7f491c004000-7f491c005000 rw-s d8c0a000 00:05 14035                      /dev/nvidia0
7f491c005000-7f491c00f000 r--s 00067000 08:01 9582898                    /usr/lib/jvm/java-7-oracle/jre/lib/javaws.jar
7f491c00f000-7f491c028000 r--s 001e4000 08:01 9582906                    /usr/lib/jvm/java-7-oracle/jre/lib/deploy.jar
7f491c028000-7f491c0b7000 r--s 00de4000 08:01 9582812                    /usr/lib/jvm/java-7-oracle/jre/lib/jfxrt.jar
7f491c0b7000-7f491c5bc000 rw-p 00000000 00:00 0 
7f491c5bc000-7f491c77c000 r--s 039ea000 08:01 9582919                    /usr/lib/jvm/java-7-oracle/jre/lib/rt.jar
7f491c77c000-7f491cbfc000 rw-p 00000000 00:00 0 
7f491cbfc000-7f491cbfd000 ---p 00000000 00:00 0 
7f491cbfd000-7f491ccfd000 rw-p 00000000 00:00 0                          [stack:9520]
7f491ccfd000-7f491ccfe000 ---p 00000000 00:00 0 
7f491ccfe000-7f491cdfe000 rw-p 00000000 00:00 0                          [stack:9519]
7f491cdfe000-7f491cdff000 ---p 00000000 00:00 0 
7f491cdff000-7f491ceff000 rw-p 00000000 00:00 0                          [stack:9518]
7f491ceff000-7f491cf00000 ---p 00000000 00:00 0 
7f491cf00000-7f491d000000 rw-p 00000000 00:00 0                          [stack:9517]
7f491d000000-7f491d270000 rwxp 00000000 00:00 0 
7f491d270000-7f49202dc000 rw-p 00000000 00:00 0 
7f49202dc000-7f4924000000 ---p 00000000 00:00 0 
7f4924000000-7f4924001000 rw-s d8641000 00:05 14035                      /dev/nvidia0
7f4924001000-7f492405c000 rw-p 00000000 00:00 0 
7f492405c000-7f492405d000 ---p 00000000 00:00 0 
7f492405d000-7f492415d000 rw-p 00000000 00:00 0                          [stack:9516]
7f492415d000-7f492415e000 ---p 00000000 00:00 0 
7f492415e000-7f492425e000 rw-p 00000000 00:00 0                          [stack:9515]
7f492425e000-7f492425f000 ---p 00000000 00:00 0 
7f492425f000-7f492435f000 rw-p 00000000 00:00 0                          [stack:9514]
7f492435f000-7f4924360000 ---p 00000000 00:00 0 
7f4924360000-7f492448a000 rw-p 00000000 00:00 0                          [stack:9513]
7f492448a000-7f49246f6000 rw-p 00000000 00:00 0 
7f49246f6000-7f4924701000 rw-p 00000000 00:00 0 
7f4924701000-7f492471f000 rw-p 00000000 00:00 0 
7f492471f000-7f4924749000 rw-p 00000000 00:00 0 
7f4924749000-7f49249b5000 rw-p 00000000 00:00 0 
7f49249b5000-7f4924b00000 rw-p 00000000 00:00 0 
7f4924b00000-7f4924b0b000 rw-p 00000000 00:00 0 
7f4924b0b000-7f4924bc1000 rw-p 00000000 00:00 0 
7f4924bc1000-7f4924bdb000 r-xp 00000000 08:01 9582816                    /usr/lib/jvm/java-7-oracle/jre/lib/amd64/libzip.so
7f4924bdb000-7f4924ddb000 ---p 0001a000 08:01 9582816                    /usr/lib/jvm/java-7-oracle/jre/lib/amd64/libzip.so
7f4924ddb000-7f4924ddc000 rw-p 0001a000 08:01 9582816                    /usr/lib/jvm/java-7-oracle/jre/lib/amd64/libzip.so
7f4924ddc000-7f4924e05000 r-xp 00000000 08:01 9582818                    /usr/lib/jvm/java-7-oracle/jre/lib/amd64/libjava.so
7f4924e05000-7f4925005000 ---p 00029000 08:01 9582818                    /usr/lib/jvm/java-7-oracle/jre/lib/amd64/libjava.so
7f4925005000-7f4925007000 rw-p 00029000 08:01 9582818                    /usr/lib/jvm/java-7-oracle/jre/lib/amd64/libjava.so
7f4925007000-7f4925014000 r-xp 00000000 08:01 9582851                    /usr/lib/jvm/java-7-oracle/jre/lib/amd64/libverify.so
7f4925014000-7f4925213000 ---p 0000d000 08:01 9582851                    /usr/lib/jvm/java-7-oracle/jre/lib/amd64/libverify.so
7f4925213000-7f4925215000 rw-p 0000c000 08:01 9582851                    /usr/lib/jvm/java-7-oracle/jre/lib/amd64/libverify.so
7f4925215000-7f492521c000 r-xp 00000000 08:01 7212630                    /lib/x86_64-linux-gnu/librt-2.19.so
7f492521c000-7f492541b000 ---p 00007000 08:01 7212630                    /lib/x86_64-linux-gnu/librt-2.19.so
7f492541b000-7f492541c000 r--p 00006000 08:01 7212630                    /lib/x86_64-linux-gnu/librt-2.19.so
7f492541c000-7f492541d000 rw-p 00007000 08:01 7212630                    /lib/x86_64-linux-gnu/librt-2.19.so
7f492541d000-7f4925522000 r-xp 00000000 08:01 7209466                    /lib/x86_64-linux-gnu/libm-2.19.so
7f4925522000-7f4925721000 ---p 00105000 08:01 7209466                    /lib/x86_64-linux-gnu/libm-2.19.so
7f4925721000-7f4925722000 r--p 00104000 08:01 7209466                    /lib/x86_64-linux-gnu/libm-2.19.so
7f4925722000-7f4925723000 rw-p 00105000 08:01 7209466                    /lib/x86_64-linux-gnu/libm-2.19.so
7f4925723000-7f4926296000 r-xp 00000000 08:01 9582822                    /usr/lib/jvm/java-7-oracle/jre/lib/amd64/server/libjvm.so
7f4926296000-7f4926495000 ---p 00b73000 08:01 9582822                    /usr/lib/jvm/java-7-oracle/jre/lib/amd64/server/libjvm.so
7f4926495000-7f4926559000 rw-p 00b72000 08:01 9582822                    /usr/lib/jvm/java-7-oracle/jre/lib/amd64/server/libjvm.so
7f4926559000-7f492659a000 rw-p 00000000 00:00 0 
7f492659a000-7f4926755000 r-xp 00000000 08:01 7212616                    /lib/x86_64-linux-gnu/libc-2.19.so
7f4926755000-7f4926955000 ---p 001bb000 08:01 7212616                    /lib/x86_64-linux-gnu/libc-2.19.so
7f4926955000-7f4926959000 r--p 001bb000 08:01 7212616                    /lib/x86_64-linux-gnu/libc-2.19.so
7f4926959000-7f492695b000 rw-p 001bf000 08:01 7212616                    /lib/x86_64-linux-gnu/libc-2.19.so
7f492695b000-7f4926960000 rw-p 00000000 00:00 0 
7f4926960000-7f4926963000 r-xp 00000000 08:01 7209683                    /lib/x86_64-linux-gnu/libdl-2.19.so
7f4926963000-7f4926b62000 ---p 00003000 08:01 7209683                    /lib/x86_64-linux-gnu/libdl-2.19.so
7f4926b62000-7f4926b63000 r--p 00002000 08:01 7209683                    /lib/x86_64-linux-gnu/libdl-2.19.so
7f4926b63000-7f4926b64000 rw-p 00003000 08:01 7209683                    /lib/x86_64-linux-gnu/libdl-2.19.so
7f4926b64000-7f4926b7a000 r-xp 00000000 08:01 13651422                   /usr/lib/jvm/java-7-oracle/lib/amd64/jli/libjli.so
7f4926b7a000-7f4926d7a000 ---p 00016000 08:01 13651422                   /usr/lib/jvm/java-7-oracle/lib/amd64/jli/libjli.so
7f4926d7a000-7f4926d7b000 rw-p 00016000 08:01 13651422                   /usr/lib/jvm/java-7-oracle/lib/amd64/jli/libjli.so
7f4926d7b000-7f4926d94000 r-xp 00000000 08:01 7209536                    /lib/x86_64-linux-gnu/libpthread-2.19.so
7f4926d94000-7f4926f93000 ---p 00019000 08:01 7209536                    /lib/x86_64-linux-gnu/libpthread-2.19.so
7f4926f93000-7f4926f94000 r--p 00018000 08:01 7209536                    /lib/x86_64-linux-gnu/libpthread-2.19.so
7f4926f94000-7f4926f95000 rw-p 00019000 08:01 7209536                    /lib/x86_64-linux-gnu/libpthread-2.19.so
7f4926f95000-7f4926f99000 rw-p 00000000 00:00 0 
7f4926f99000-7f4926fbc000 r-xp 00000000 08:01 7209710                    /lib/x86_64-linux-gnu/ld-2.19.so
7f4926fbc000-7f4927030000 rw-p 00000000 00:00 0 
7f4927030000-7f492707c000 r--s 00000000 08:01 16647404                   /var/cache/nscd/passwd
7f492707c000-7f492707f000 ---p 00000000 00:00 0 
7f492707f000-7f4927181000 rw-p 00000000 00:00 0                          [stack:9512]
7f4927181000-7f4927182000 rw-s c9c32000 00:05 14035                      /dev/nvidia0
7f4927182000-7f4927183000 rw-s 8a8b8000 00:05 14035                      /dev/nvidia0
7f4927183000-7f4927184000 rw-s d8060000 00:05 14035                      /dev/nvidia0
7f4927184000-7f4927186000 r--s 0000c000 00:1d 4040578                    /net/homes/u007/g0403105/NetBeansProjects/oliotht/dist/run2105945876/OliotHT.jar
7f4927186000-7f4927191000 rw-p 00000000 00:00 0 
7f4927191000-7f49271af000 rw-p 00000000 00:00 0 
7f49271af000-7f49271b7000 rw-s 00000000 08:01 18612262                   /tmp/hsperfdata_g0403105/9508
7f49271b7000-7f49271b8000 rw-p 00000000 00:00 0 
7f49271b8000-7f49271b9000 r--p 00000000 00:00 0 
7f49271b9000-7f49271bb000 rw-p 00000000 00:00 0 
7f49271bb000-7f49271bc000 r--p 00022000 08:01 7209710                    /lib/x86_64-linux-gnu/ld-2.19.so
7f49271bc000-7f49271bd000 rw-p 00023000 08:01 7209710                    /lib/x86_64-linux-gnu/ld-2.19.so
7f49271bd000-7f49271be000 rw-p 00000000 00:00 0 
7fff91358000-7fff91379000 rw-p 00000000 00:00 0                          [stack]
7fff913b9000-7fff913bb000 r-xp 00000000 00:00 0                          [vdso]
ffffffffff600000-ffffffffff601000 r-xp 00000000 00:00 0                  [vsyscall]

VM Arguments:
jvm_args: -Dfile.encoding=UTF-8 
java_command: /net/homes/u007/g0403105/NetBeansProjects/oliotht/dist/run2105945876/OliotHT.jar
Launcher Type: SUN_STANDARD

Environment Variables:
PATH=/usr/local/sbin:/usr/local/bin:/usr/sbin:/usr/bin:/sbin:/bin:/usr/games:/usr/local/games:/var/cfengine/bin:/usr/local/cuda-5.0/bin
LD_LIBRARY_PATH=/usr/lib/jvm/default-java/jre/lib/amd64:/usr/lib/jvm/default-java/jre/lib/i386:
SHELL=/bin/bash
DISPLAY=:0

Signal Handlers:
SIGSEGV: [libjvm.so+0x9a1a10], sa_mask[0]=0x7ffbfeff, sa_flags=0x10000004
SIGBUS: [libjvm.so+0x9a1a10], sa_mask[0]=0x7ffbfeff, sa_flags=0x10000004
SIGFPE: [libjvm.so+0x81bae0], sa_mask[0]=0x7ffbfeff, sa_flags=0x10000004
SIGPIPE: SIG_IGN, sa_mask[0]=0x00001000, sa_flags=0x10000000
SIGXFSZ: [libjvm.so+0x81bae0], sa_mask[0]=0x7ffbfeff, sa_flags=0x10000004
SIGILL: [libjvm.so+0x81bae0], sa_mask[0]=0x7ffbfeff, sa_flags=0x10000004
SIGUSR1: SIG_DFL, sa_mask[0]=0x00000000, sa_flags=0x00000000
SIGUSR2: [libjvm.so+0x81d2e0], sa_mask[0]=0x00000004, sa_flags=0x10000004
SIGHUP: [libjvm.so+0x81e400], sa_mask[0]=0x7ffbfeff, sa_flags=0x10000004
SIGINT: SIG_IGN, sa_mask[0]=0x00000000, sa_flags=0x00000000
SIGTERM: [libjvm.so+0x81e400], sa_mask[0]=0x7ffbfeff, sa_flags=0x10000004
SIGQUIT: [libjvm.so+0x81e400], sa_mask[0]=0x7ffbfeff, sa_flags=0x10000004


---------------  S Y S T E M  ---------------

OS:jessie/sid

uname:Linux 3.13.0-40-generic #69-Ubuntu SMP Thu Nov 13 17:53:56 UTC 2014 x86_64
libc:glibc 2.19 NPTL 2.19 
rlimit: STACK 8192k, CORE 0k, NPROC 63300, NOFILE 4096, AS infinity
load average:0,41 0,43 0,49

/proc/meminfo:
MemTotal:        8131836 kB
MemFree:         1844148 kB
Buffers:          409636 kB
Cached:          2150624 kB
SwapCached:          104 kB
Active:          4330696 kB
Inactive:        1346836 kB
Active(anon):    3024644 kB
Inactive(anon):   116924 kB
Active(file):    1306052 kB
Inactive(file):  1229912 kB
Unevictable:          32 kB
Mlocked:              32 kB
SwapTotal:       8343548 kB
SwapFree:        8343412 kB
Dirty:               212 kB
Writeback:             0 kB
AnonPages:       3117228 kB
Mapped:           277012 kB
Shmem:             24296 kB
Slab:             338204 kB
SReclaimable:     288276 kB
SUnreclaim:        49928 kB
KernelStack:        5976 kB
PageTables:        38920 kB
NFS_Unstable:          0 kB
Bounce:                0 kB
WritebackTmp:          0 kB
CommitLimit:    12409464 kB
Committed_AS:    6478568 kB
VmallocTotal:   34359738367 kB
VmallocUsed:      120300 kB
VmallocChunk:   34359596540 kB
HardwareCorrupted:     0 kB
AnonHugePages:   2240512 kB
HugePages_Total:       0
HugePages_Free:        0
HugePages_Rsvd:        0
HugePages_Surp:        0
Hugepagesize:       2048 kB
DirectMap4k:      439760 kB
DirectMap2M:     7905280 kB


CPU:total 8 (4 cores per cpu, 2 threads per core) family 6 model 42 stepping 7, cmov, cx8, fxsr, mmx, sse, sse2, sse3, ssse3, sse4.1, sse4.2, popcnt, avx, aes, ht, tsc, tscinvbit

/proc/cpuinfo:
processor	: 0
vendor_id	: GenuineIntel
cpu family	: 6
model		: 42
model name	: Intel(R) Core(TM) i7-2600 CPU @ 3.40GHz
stepping	: 7
microcode	: 0x14
cpu MHz		: 1600.000
cache size	: 8192 KB
physical id	: 0
siblings	: 8
core id		: 0
cpu cores	: 4
apicid		: 0
initial apicid	: 0
fpu		: yes
fpu_exception	: yes
cpuid level	: 13
wp		: yes
flags		: fpu vme de pse tsc msr pae mce cx8 apic sep mtrr pge mca cmov pat pse36 clflush dts acpi mmx fxsr sse sse2 ss ht tm pbe syscall nx rdtscp lm constant_tsc arch_perfmon pebs bts rep_good nopl xtopology nonstop_tsc aperfmperf eagerfpu pni pclmulqdq dtes64 monitor ds_cpl vmx smx est tm2 ssse3 cx16 xtpr pdcm pcid sse4_1 sse4_2 x2apic popcnt tsc_deadline_timer aes xsave avx lahf_lm ida arat epb xsaveopt pln pts dtherm tpr_shadow vnmi flexpriority ept vpid
bogomips	: 6784.36
clflush size	: 64
cache_alignment	: 64
address sizes	: 36 bits physical, 48 bits virtual
power management:

processor	: 1
vendor_id	: GenuineIntel
cpu family	: 6
model		: 42
model name	: Intel(R) Core(TM) i7-2600 CPU @ 3.40GHz
stepping	: 7
microcode	: 0x14
cpu MHz		: 1600.000
cache size	: 8192 KB
physical id	: 0
siblings	: 8
core id		: 1
cpu cores	: 4
apicid		: 2
initial apicid	: 2
fpu		: yes
fpu_exception	: yes
cpuid level	: 13
wp		: yes
flags		: fpu vme de pse tsc msr pae mce cx8 apic sep mtrr pge mca cmov pat pse36 clflush dts acpi mmx fxsr sse sse2 ss ht tm pbe syscall nx rdtscp lm constant_tsc arch_perfmon pebs bts rep_good nopl xtopology nonstop_tsc aperfmperf eagerfpu pni pclmulqdq dtes64 monitor ds_cpl vmx smx est tm2 ssse3 cx16 xtpr pdcm pcid sse4_1 sse4_2 x2apic popcnt tsc_deadline_timer aes xsave avx lahf_lm ida arat epb xsaveopt pln pts dtherm tpr_shadow vnmi flexpriority ept vpid
bogomips	: 6784.36
clflush size	: 64
cache_alignment	: 64
address sizes	: 36 bits physical, 48 bits virtual
power management:

processor	: 2
vendor_id	: GenuineIntel
cpu family	: 6
model		: 42
model name	: Intel(R) Core(TM) i7-2600 CPU @ 3.40GHz
stepping	: 7
microcode	: 0x14
cpu MHz		: 1600.000
cache size	: 8192 KB
physical id	: 0
siblings	: 8
core id		: 2
cpu cores	: 4
apicid		: 4
initial apicid	: 4
fpu		: yes
fpu_exception	: yes
cpuid level	: 13
wp		: yes
flags		: fpu vme de pse tsc msr pae mce cx8 apic sep mtrr pge mca cmov pat pse36 clflush dts acpi mmx fxsr sse sse2 ss ht tm pbe syscall nx rdtscp lm constant_tsc arch_perfmon pebs bts rep_good nopl xtopology nonstop_tsc aperfmperf eagerfpu pni pclmulqdq dtes64 monitor ds_cpl vmx smx est tm2 ssse3 cx16 xtpr pdcm pcid sse4_1 sse4_2 x2apic popcnt tsc_deadline_timer aes xsave avx lahf_lm ida arat epb xsaveopt pln pts dtherm tpr_shadow vnmi flexpriority ept vpid
bogomips	: 6784.36
clflush size	: 64
cache_alignment	: 64
address sizes	: 36 bits physical, 48 bits virtual
power management:

processor	: 3
vendor_id	: GenuineIntel
cpu family	: 6
model		: 42
model name	: Intel(R) Core(TM) i7-2600 CPU @ 3.40GHz
stepping	: 7
microcode	: 0x14
cpu MHz		: 1600.000
cache size	: 8192 KB
physical id	: 0
siblings	: 8
core id		: 3
cpu cores	: 4
apicid		: 6
initial apicid	: 6
fpu		: yes
fpu_exception	: yes
cpuid level	: 13
wp		: yes
flags		: fpu vme de pse tsc msr pae mce cx8 apic sep mtrr pge mca cmov pat pse36 clflush dts acpi mmx fxsr sse sse2 ss ht tm pbe syscall nx rdtscp lm constant_tsc arch_perfmon pebs bts rep_good nopl xtopology nonstop_tsc aperfmperf eagerfpu pni pclmulqdq dtes64 monitor ds_cpl vmx smx est tm2 ssse3 cx16 xtpr pdcm pcid sse4_1 sse4_2 x2apic popcnt tsc_deadline_timer aes xsave avx lahf_lm ida arat epb xsaveopt pln pts dtherm tpr_shadow vnmi flexpriority ept vpid
bogomips	: 6784.36
clflush size	: 64
cache_alignment	: 64
address sizes	: 36 bits physical, 48 bits virtual
power management:

processor	: 4
vendor_id	: GenuineIntel
cpu family	: 6
model		: 42
model name	: Intel(R) Core(TM) i7-2600 CPU @ 3.40GHz
stepping	: 7
microcode	: 0x14
cpu MHz		: 1600.000
cache size	: 8192 KB
physical id	: 0
siblings	: 8
core id		: 0
cpu cores	: 4
apicid		: 1
initial apicid	: 1
fpu		: yes
fpu_exception	: yes
cpuid level	: 13
wp		: yes
flags		: fpu vme de pse tsc msr pae mce cx8 apic sep mtrr pge mca cmov pat pse36 clflush dts acpi mmx fxsr sse sse2 ss ht tm pbe syscall nx rdtscp lm constant_tsc arch_perfmon pebs bts rep_good nopl xtopology nonstop_tsc aperfmperf eagerfpu pni pclmulqdq dtes64 monitor ds_cpl vmx smx est tm2 ssse3 cx16 xtpr pdcm pcid sse4_1 sse4_2 x2apic popcnt tsc_deadline_timer aes xsave avx lahf_lm ida arat epb xsaveopt pln pts dtherm tpr_shadow vnmi flexpriority ept vpid
bogomips	: 6784.36
clflush size	: 64
cache_alignment	: 64
address sizes	: 36 bits physical, 48 bits virtual
power management:

processor	: 5
vendor_id	: GenuineIntel
cpu family	: 6
model		: 42
model name	: Intel(R) Core(TM) i7-2600 CPU @ 3.40GHz
stepping	: 7
microcode	: 0x14
cpu MHz		: 3401.000
cache size	: 8192 KB
physical id	: 0
siblings	: 8
core id		: 1
cpu cores	: 4
apicid		: 3
initial apicid	: 3
fpu		: yes
fpu_exception	: yes
cpuid level	: 13
wp		: yes
flags		: fpu vme de pse tsc msr pae mce cx8 apic sep mtrr pge mca cmov pat pse36 clflush dts acpi mmx fxsr sse sse2 ss ht tm pbe syscall nx rdtscp lm constant_tsc arch_perfmon pebs bts rep_good nopl xtopology nonstop_tsc aperfmperf eagerfpu pni pclmulqdq dtes64 monitor ds_cpl vmx smx est tm2 ssse3 cx16 xtpr pdcm pcid sse4_1 sse4_2 x2apic popcnt tsc_deadline_timer aes xsave avx lahf_lm ida arat epb xsaveopt pln pts dtherm tpr_shadow vnmi flexpriority ept vpid
bogomips	: 6784.36
clflush size	: 64
cache_alignment	: 64
address sizes	: 36 bits physical, 48 bits virtual
power management:

processor	: 6
vendor_id	: GenuineIntel
cpu family	: 6
model		: 42
model name	: Intel(R) Core(TM) i7-2600 CPU @ 3.40GHz
stepping	: 7
microcode	: 0x14
cpu MHz		: 1600.000
cache size	: 8192 KB
physical id	: 0
siblings	: 8
core id		: 2
cpu cores	: 4
apicid		: 5
initial apicid	: 5
fpu		: yes
fpu_exception	: yes
cpuid level	: 13
wp		: yes
flags		: fpu vme de pse tsc msr pae mce cx8 apic sep mtrr pge mca cmov pat pse36 clflush dts acpi mmx fxsr sse sse2 ss ht tm pbe syscall nx rdtscp lm constant_tsc arch_perfmon pebs bts rep_good nopl xtopology nonstop_tsc aperfmperf eagerfpu pni pclmulqdq dtes64 monitor ds_cpl vmx smx est tm2 ssse3 cx16 xtpr pdcm pcid sse4_1 sse4_2 x2apic popcnt tsc_deadline_timer aes xsave avx lahf_lm ida arat epb xsaveopt pln pts dtherm tpr_shadow vnmi flexpriority ept vpid
bogomips	: 6784.36
clflush size	: 64
cache_alignment	: 64
address sizes	: 36 bits physical, 48 bits virtual
power management:

processor	: 7
vendor_id	: GenuineIntel
cpu family	: 6
model		: 42
model name	: Intel(R) Core(TM) i7-2600 CPU @ 3.40GHz
stepping	: 7
microcode	: 0x14
cpu MHz		: 1600.000
cache size	: 8192 KB
physical id	: 0
siblings	: 8
core id		: 3
cpu cores	: 4
apicid		: 7
initial apicid	: 7
fpu		: yes
fpu_exception	: yes
cpuid level	: 13
wp		: yes
flags		: fpu vme de pse tsc msr pae mce cx8 apic sep mtrr pge mca cmov pat pse36 clflush dts acpi mmx fxsr sse sse2 ss ht tm pbe syscall nx rdtscp lm constant_tsc arch_perfmon pebs bts rep_good nopl xtopology nonstop_tsc aperfmperf eagerfpu pni pclmulqdq dtes64 monitor ds_cpl vmx smx est tm2 ssse3 cx16 xtpr pdcm pcid sse4_1 sse4_2 x2apic popcnt tsc_deadline_timer aes xsave avx lahf_lm ida arat epb xsaveopt pln pts dtherm tpr_shadow vnmi flexpriority ept vpid
bogomips	: 6784.36
clflush size	: 64
cache_alignment	: 64
address sizes	: 36 bits physical, 48 bits virtual
power management:



Memory: 4k page, physical 8131836k(1843900k free), swap 8343548k(8343412k free)

vm_info: Java HotSpot(TM) 64-Bit Server VM (24.72-b04) for linux-amd64 JRE (1.7.0_72-b14), built on Sep 26 2014 18:20:41 by "java_re" with gcc 4.3.0 20080428 (Red Hat 4.3.0-8)

time: Fri Dec 19 16:26:01 2014
elapsed time: 33 seconds

